[debug] [2020-09-26T22:47:58.042Z] ----------------------------------------------------------------------
[debug] [2020-09-26T22:47:58.060Z] Command:       /usr/bin/node /usr/local/bin/firebase emulators:start
[debug] [2020-09-26T22:47:58.063Z] CLI Version:   8.11.0
[debug] [2020-09-26T22:47:58.064Z] Platform:      linux
[debug] [2020-09-26T22:47:58.064Z] Node Version:  v10.21.0
[debug] [2020-09-26T22:47:58.113Z] Time:          Sat Sep 26 2020 23:47:58 GMT+0100 (British Summer Time)
[debug] [2020-09-26T22:47:58.113Z] ----------------------------------------------------------------------
[debug] [2020-09-26T22:47:58.114Z] 
[debug] [2020-09-26T22:47:58.195Z] > command requires scopes: ["email","openid","https://www.googleapis.com/auth/cloudplatformprojects.readonly","https://www.googleapis.com/auth/firebase","https://www.googleapis.com/auth/cloud-platform"]
[debug] [2020-09-26T22:47:58.198Z] > authorizing via signed-in user
[info] i  emulators: Starting emulators: functions, hosting {"metadata":{"emulator":{"name":"hub"},"message":"Starting emulators: functions, hosting"}}
[debug] [2020-09-26T22:47:58.817Z] [hub] writing locator at /tmp/hub-clone-56b93.json
[warn] ⚠  functions: The following emulators are not running, calls to these services from the Functions emulator will affect production: auth, firestore, database, pubsub {"metadata":{"emulator":{"name":"functions"},"message":"The following emulators are not running, calls to these services from the Functions emulator will affect production: \u001b[1mauth, firestore, database, pubsub\u001b[22m"}}
[info] ✔  functions: Using node@10 from host. {"metadata":{"emulator":{"name":"functions"},"message":"Using node@10 from host."}}
[debug] [2020-09-26T22:47:59.718Z] defaultcredentials: writing to file /home/eagyare91/.config/firebase/eagyare91_gmail_com_application_default_credentials.json
[debug] [2020-09-26T22:47:59.917Z] Setting GAC to /home/eagyare91/.config/firebase/eagyare91_gmail_com_application_default_credentials.json {"metadata":{"emulator":{"name":"functions"},"message":"Setting GAC to /home/eagyare91/.config/firebase/eagyare91_gmail_com_application_default_credentials.json"}}
[debug] [2020-09-26T22:48:00.433Z] > refreshing access token with scopes: ["email","https://www.googleapis.com/auth/cloud-platform","https://www.googleapis.com/auth/cloudplatformprojects.readonly","https://www.googleapis.com/auth/firebase","openid"]
[debug] [2020-09-26T22:48:00.445Z] >>> HTTP REQUEST POST https://www.googleapis.com/oauth2/v3/token  
 <request body omitted>
[debug] [2020-09-26T22:48:00.716Z] <<< HTTP RESPONSE 200 {"content-type":"application/json; charset=utf-8","vary":"X-Origin, Referer, Origin,Accept-Encoding","date":"Sat, 26 Sep 2020 22:48:02 GMT","server":"scaffolding on HTTPServer2","cache-control":"private","x-xss-protection":"0","x-frame-options":"SAMEORIGIN","x-content-type-options":"nosniff","alt-svc":"h3-Q050=\":443\"; ma=2592000,h3-29=\":443\"; ma=2592000,h3-27=\":443\"; ma=2592000,h3-T051=\":443\"; ma=2592000,h3-T050=\":443\"; ma=2592000,h3-Q046=\":443\"; ma=2592000,h3-Q043=\":443\"; ma=2592000,quic=\":443\"; ma=2592000; v=\"46,43\"","accept-ranges":"none","transfer-encoding":"chunked"}
[debug] [2020-09-26T22:48:00.764Z] >>> HTTP REQUEST GET https://firebase.googleapis.com/v1beta1/projects/clone-56b93/webApps/-/config  
 
[debug] [2020-09-26T22:48:01.944Z] <<< HTTP RESPONSE 200 {"content-type":"application/json; charset=UTF-8","vary":"X-Origin, Referer, Origin,Accept-Encoding","date":"Sat, 26 Sep 2020 22:48:03 GMT","server":"ESF","cache-control":"private","x-xss-protection":"0","x-frame-options":"SAMEORIGIN","x-content-type-options":"nosniff","alt-svc":"h3-Q050=\":443\"; ma=2592000,h3-29=\":443\"; ma=2592000,h3-27=\":443\"; ma=2592000,h3-T051=\":443\"; ma=2592000,h3-T050=\":443\"; ma=2592000,h3-Q046=\":443\"; ma=2592000,h3-Q043=\":443\"; ma=2592000,quic=\":443\"; ma=2592000; v=\"46,43\"","accept-ranges":"none","transfer-encoding":"chunked"}
[info] i  hosting: Serving hosting files from: build {"metadata":{"emulator":{"name":"hosting"},"message":"Serving hosting files from: \u001b[1mbuild\u001b[22m"}}
[info] ✔  hosting: Local server: http://localhost:5000 {"metadata":{"emulator":{"name":"hosting"},"message":"Local server: \u001b[4m\u001b[1mhttp://localhost:5000\u001b[22m\u001b[24m"}}
[debug] [2020-09-26T22:48:02.410Z] Ignoring unsupported arg: auto_download {"metadata":{"emulator":{"name":"ui"},"message":"Ignoring unsupported arg: auto_download"}}
[debug] [2020-09-26T22:48:02.415Z] Ignoring unsupported arg: port {"metadata":{"emulator":{"name":"ui"},"message":"Ignoring unsupported arg: port"}}
[debug] [2020-09-26T22:48:02.416Z] Starting Emulator UI with command {"binary":"node","args":["/home/eagyare91/.cache/firebase/emulators/ui-v1.1.1/server.bundle.js"],"optionalArgs":[],"joinArgs":false} {"metadata":{"emulator":{"name":"ui"},"message":"Starting Emulator UI with command {\"binary\":\"node\",\"args\":[\"/home/eagyare91/.cache/firebase/emulators/ui-v1.1.1/server.bundle.js\"],\"optionalArgs\":[],\"joinArgs\":false}"}}
[info] i  ui: Emulator UI logging to ui-debug.log {"metadata":{"emulator":{"name":"ui"},"message":"Emulator UI logging to \u001b[1mui-debug.log\u001b[22m"}}
[debug] [2020-09-26T22:48:05.567Z] Web / API server started at http://localhost:4000
 {"metadata":{"emulator":{"name":"ui"},"message":"Web / API server started at http://localhost:4000\n"}}
[info] i  functions: Watching "/home/eagyare91/amazon-clone/functions" for Cloud Functions... {"metadata":{"emulator":{"name":"functions"},"message":"Watching \"/home/eagyare91/amazon-clone/functions\" for Cloud Functions..."}}
[debug] [2020-09-26T22:48:05.923Z] [worker-pool] addWorker(~diagnostic~) {"metadata":{"emulator":{"name":"functions"},"message":"[worker-pool] addWorker(~diagnostic~)"}}
[debug] [2020-09-26T22:48:05.934Z] [worker-pool] Adding worker with key ~diagnostic~, total=1 {"metadata":{"emulator":{"name":"functions"},"message":"[worker-pool] Adding worker with key ~diagnostic~, total=1"}}
[debug] [2020-09-26T22:48:05.948Z] [worker-pool] submitWork(triggerId=) {"metadata":{"emulator":{"name":"functions"},"message":"[worker-pool] submitWork(triggerId=)"}}
[debug] [2020-09-26T22:48:05.969Z] [worker-~diagnostic~-0dca18ce-00a4-4e74-a8fa-99df0c34b9e2]: Assigning socketPath: /tmp/fire_emu_5127.sock {"metadata":{"emulator":{"name":"functions"},"message":"[worker-~diagnostic~-0dca18ce-00a4-4e74-a8fa-99df0c34b9e2]: Assigning socketPath: /tmp/fire_emu_5127.sock"}}
[debug] [2020-09-26T22:48:05.985Z] [worker-~diagnostic~-0dca18ce-00a4-4e74-a8fa-99df0c34b9e2]: BUSY {"metadata":{"emulator":{"name":"functions"},"message":"[worker-~diagnostic~-0dca18ce-00a4-4e74-a8fa-99df0c34b9e2]: BUSY"}}
[debug] [2020-09-26T22:48:10.896Z] [runtime-status] [5127] Functions runtime initialized. {"cwd":"/home/eagyare91/amazon-clone/functions","node_version":"10.21.0"} {"metadata":{"emulator":{"name":"functions"},"message":"[runtime-status] [5127] Functions runtime initialized. {\"cwd\":\"/home/eagyare91/amazon-clone/functions\",\"node_version\":\"10.21.0\"}"}}
[debug] [2020-09-26T22:48:10.901Z] [runtime-status] [5127] Disabled runtime features: undefined {"metadata":{"emulator":{"name":"functions"},"message":"[runtime-status] [5127] Disabled runtime features: undefined"}}
[debug] [2020-09-26T22:48:10.956Z] [runtime-status] [5127] Resolved module firebase-admin {"declared":true,"installed":true,"version":"8.13.0","resolution":"/home/eagyare91/amazon-clone/functions/node_modules/firebase-admin/lib/index.js"} {"metadata":{"emulator":{"name":"functions"},"message":"[runtime-status] [5127] Resolved module firebase-admin {\"declared\":true,\"installed\":true,\"version\":\"8.13.0\",\"resolution\":\"/home/eagyare91/amazon-clone/functions/node_modules/firebase-admin/lib/index.js\"}"}}
[debug] [2020-09-26T22:48:11.003Z] [runtime-status] [5127] Resolved module firebase-functions {"declared":true,"installed":true,"version":"3.11.0","resolution":"/home/eagyare91/amazon-clone/functions/node_modules/firebase-functions/lib/index.js"} {"metadata":{"emulator":{"name":"functions"},"message":"[runtime-status] [5127] Resolved module firebase-functions {\"declared\":true,\"installed\":true,\"version\":\"3.11.0\",\"resolution\":\"/home/eagyare91/amazon-clone/functions/node_modules/firebase-functions/lib/index.js\"}"}}
[debug] [2020-09-26T22:48:11.032Z] [runtime-status] [5127] Resolved module firebase-functions {"declared":true,"installed":true,"version":"3.11.0","resolution":"/home/eagyare91/amazon-clone/functions/node_modules/firebase-functions/lib/index.js"} {"metadata":{"emulator":{"name":"functions"},"message":"[runtime-status] [5127] Resolved module firebase-functions {\"declared\":true,\"installed\":true,\"version\":\"3.11.0\",\"resolution\":\"/home/eagyare91/amazon-clone/functions/node_modules/firebase-functions/lib/index.js\"}"}}
[debug] [2020-09-26T22:48:11.109Z] [runtime-status] [5127] Outgoing network have been stubbed. [{"name":"http","status":"mocked"},{"name":"http","status":"mocked"},{"name":"https","status":"mocked"},{"name":"https","status":"mocked"},{"name":"net","status":"mocked"}] {"metadata":{"emulator":{"name":"functions"},"message":"[runtime-status] [5127] Outgoing network have been stubbed. [{\"name\":\"http\",\"status\":\"mocked\"},{\"name\":\"http\",\"status\":\"mocked\"},{\"name\":\"https\",\"status\":\"mocked\"},{\"name\":\"https\",\"status\":\"mocked\"},{\"name\":\"net\",\"status\":\"mocked\"}]"}}
[debug] [2020-09-26T22:48:11.120Z] [runtime-status] [5127] Resolved module firebase-functions {"declared":true,"installed":true,"version":"3.11.0","resolution":"/home/eagyare91/amazon-clone/functions/node_modules/firebase-functions/lib/index.js"} {"metadata":{"emulator":{"name":"functions"},"message":"[runtime-status] [5127] Resolved module firebase-functions {\"declared\":true,\"installed\":true,\"version\":\"3.11.0\",\"resolution\":\"/home/eagyare91/amazon-clone/functions/node_modules/firebase-functions/lib/index.js\"}"}}
[debug] [2020-09-26T22:48:11.593Z] [runtime-status] [5127] Checked functions.config() {"config":{}} {"metadata":{"emulator":{"name":"functions"},"message":"[runtime-status] [5127] Checked functions.config() {\"config\":{}}"}}
[debug] [2020-09-26T22:48:11.599Z] [runtime-status] [5127] firebase-functions has been stubbed. {"functionsResolution":{"declared":true,"installed":true,"version":"3.11.0","resolution":"/home/eagyare91/amazon-clone/functions/node_modules/firebase-functions/lib/index.js"}} {"metadata":{"emulator":{"name":"functions"},"message":"[runtime-status] [5127] firebase-functions has been stubbed. {\"functionsResolution\":{\"declared\":true,\"installed\":true,\"version\":\"3.11.0\",\"resolution\":\"/home/eagyare91/amazon-clone/functions/node_modules/firebase-functions/lib/index.js\"}}"}}
[debug] [2020-09-26T22:48:11.605Z] [runtime-status] [5127] Resolved module firebase-functions {"declared":true,"installed":true,"version":"3.11.0","resolution":"/home/eagyare91/amazon-clone/functions/node_modules/firebase-functions/lib/index.js"} {"metadata":{"emulator":{"name":"functions"},"message":"[runtime-status] [5127] Resolved module firebase-functions {\"declared\":true,\"installed\":true,\"version\":\"3.11.0\",\"resolution\":\"/home/eagyare91/amazon-clone/functions/node_modules/firebase-functions/lib/index.js\"}"}}
[debug] [2020-09-26T22:48:11.617Z] [runtime-status] [5127] Resolved module firebase-admin {"declared":true,"installed":true,"version":"8.13.0","resolution":"/home/eagyare91/amazon-clone/functions/node_modules/firebase-admin/lib/index.js"} {"metadata":{"emulator":{"name":"functions"},"message":"[runtime-status] [5127] Resolved module firebase-admin {\"declared\":true,\"installed\":true,\"version\":\"8.13.0\",\"resolution\":\"/home/eagyare91/amazon-clone/functions/node_modules/firebase-admin/lib/index.js\"}"}}
[debug] [2020-09-26T22:48:11.619Z] [runtime-status] [5127] Resolved module firebase-functions {"declared":true,"installed":true,"version":"3.11.0","resolution":"/home/eagyare91/amazon-clone/functions/node_modules/firebase-functions/lib/index.js"} {"metadata":{"emulator":{"name":"functions"},"message":"[runtime-status] [5127] Resolved module firebase-functions {\"declared\":true,\"installed\":true,\"version\":\"3.11.0\",\"resolution\":\"/home/eagyare91/amazon-clone/functions/node_modules/firebase-functions/lib/index.js\"}"}}
[debug] [2020-09-26T22:48:11.624Z] [runtime-status] [5127] firebase-admin has been stubbed. {"adminResolution":{"declared":true,"installed":true,"version":"8.13.0","resolution":"/home/eagyare91/amazon-clone/functions/node_modules/firebase-admin/lib/index.js"}} {"metadata":{"emulator":{"name":"functions"},"message":"[runtime-status] [5127] firebase-admin has been stubbed. {\"adminResolution\":{\"declared\":true,\"installed\":true,\"version\":\"8.13.0\",\"resolution\":\"/home/eagyare91/amazon-clone/functions/node_modules/firebase-admin/lib/index.js\"}}"}}
[debug] [2020-09-26T22:48:13.004Z] [worker-~diagnostic~-0dca18ce-00a4-4e74-a8fa-99df0c34b9e2]: IDLE {"metadata":{"emulator":{"name":"functions"},"message":"[worker-~diagnostic~-0dca18ce-00a4-4e74-a8fa-99df0c34b9e2]: IDLE"}}
[info] ✔  functions[api]: http function initialized (http://localhost:5001/clone-56b93/us-central1/api). {"metadata":{"emulator":{"name":"functions"},"message":"\u001b[1mhttp\u001b[22m function initialized (http://localhost:5001/clone-56b93/us-central1/api)."}}
[info] 
┌───────────────────────────────────────────────────────────────────────┐
│ ✔  All emulators ready! View status and logs at http://localhost:4000 │
└───────────────────────────────────────────────────────────────────────┘

┌───────────┬────────────────┬─────────────────────────────────┐
│ Emulator  │ Host:Port      │ View in Emulator UI             │
├───────────┼────────────────┼─────────────────────────────────┤
│ Functions │ localhost:5001 │ http://localhost:4000/functions │
├───────────┼────────────────┼─────────────────────────────────┤
│ Hosting   │ localhost:5000 │ n/a                             │
└───────────┴────────────────┴─────────────────────────────────┘
  Other reserved ports: 4400, 4500

Issues? Report them at https://github.com/firebase/firebase-tools/issues and attach the *-debug.log files.
 
[debug] [2020-09-26T23:52:18.150Z] File /home/eagyare91/amazon-clone/functions/index.js changed, reloading triggers {"metadata":{"emulator":{"name":"functions"},"message":"File /home/eagyare91/amazon-clone/functions/index.js changed, reloading triggers"}}
[debug] [2020-09-26T23:52:19.194Z] [worker-pool] Shutting down IDLE worker (~diagnostic~) {"metadata":{"emulator":{"name":"functions"},"message":"[worker-pool] Shutting down IDLE worker (~diagnostic~)"}}
[debug] [2020-09-26T23:52:19.200Z] [worker-~diagnostic~-0dca18ce-00a4-4e74-a8fa-99df0c34b9e2]: FINISHING {"metadata":{"emulator":{"name":"functions"},"message":"[worker-~diagnostic~-0dca18ce-00a4-4e74-a8fa-99df0c34b9e2]: FINISHING"}}
[debug] [2020-09-26T23:52:19.357Z] [worker-pool] addWorker(~diagnostic~) {"metadata":{"emulator":{"name":"functions"},"message":"[worker-pool] addWorker(~diagnostic~)"}}
[debug] [2020-09-26T23:52:19.369Z] [worker-pool] Adding worker with key ~diagnostic~, total=2 {"metadata":{"emulator":{"name":"functions"},"message":"[worker-pool] Adding worker with key ~diagnostic~, total=2"}}
[debug] [2020-09-26T23:52:19.432Z] [worker-pool] submitWork(triggerId=) {"metadata":{"emulator":{"name":"functions"},"message":"[worker-pool] submitWork(triggerId=)"}}
[debug] [2020-09-26T23:52:19.435Z] [worker-~diagnostic~-cc28ea29-248a-4709-87f3-b4623f6acfb2]: Assigning socketPath: /tmp/fire_emu_7039.sock {"metadata":{"emulator":{"name":"functions"},"message":"[worker-~diagnostic~-cc28ea29-248a-4709-87f3-b4623f6acfb2]: Assigning socketPath: /tmp/fire_emu_7039.sock"}}
[debug] [2020-09-26T23:52:19.436Z] [worker-~diagnostic~-cc28ea29-248a-4709-87f3-b4623f6acfb2]: BUSY {"metadata":{"emulator":{"name":"functions"},"message":"[worker-~diagnostic~-cc28ea29-248a-4709-87f3-b4623f6acfb2]: BUSY"}}
[debug] [2020-09-26T23:52:19.503Z] [worker-~diagnostic~-0dca18ce-00a4-4e74-a8fa-99df0c34b9e2]: exited {"metadata":{"emulator":{"name":"functions"},"message":"[worker-~diagnostic~-0dca18ce-00a4-4e74-a8fa-99df0c34b9e2]: exited"}}
[debug] [2020-09-26T23:52:19.504Z] [worker-~diagnostic~-0dca18ce-00a4-4e74-a8fa-99df0c34b9e2]: FINISHED {"metadata":{"emulator":{"name":"functions"},"message":"[worker-~diagnostic~-0dca18ce-00a4-4e74-a8fa-99df0c34b9e2]: FINISHED"}}
[debug] [2020-09-26T23:52:21.304Z] File /home/eagyare91/amazon-clone/functions/index.js changed, reloading triggers {"metadata":{"emulator":{"name":"functions"},"message":"File /home/eagyare91/amazon-clone/functions/index.js changed, reloading triggers"}}
[debug] [2020-09-26T23:52:22.309Z] [worker-pool] Marking BUSY worker to finish (~diagnostic~) {"metadata":{"emulator":{"name":"functions"},"message":"[worker-pool] Marking BUSY worker to finish (~diagnostic~)"}}
[debug] [2020-09-26T23:52:22.314Z] [worker-~diagnostic~-cc28ea29-248a-4709-87f3-b4623f6acfb2]: FINISHING {"metadata":{"emulator":{"name":"functions"},"message":"[worker-~diagnostic~-cc28ea29-248a-4709-87f3-b4623f6acfb2]: FINISHING"}}
[debug] [2020-09-26T23:52:22.319Z] [worker-pool] Cleaned up workers for ~diagnostic~: 2 --> 1 {"metadata":{"emulator":{"name":"functions"},"message":"[worker-pool] Cleaned up workers for ~diagnostic~: 2 --> 1"}}
[debug] [2020-09-26T23:52:22.409Z] [worker-pool] addWorker(~diagnostic~) {"metadata":{"emulator":{"name":"functions"},"message":"[worker-pool] addWorker(~diagnostic~)"}}
[debug] [2020-09-26T23:52:22.415Z] [worker-pool] Adding worker with key ~diagnostic~, total=2 {"metadata":{"emulator":{"name":"functions"},"message":"[worker-pool] Adding worker with key ~diagnostic~, total=2"}}
[debug] [2020-09-26T23:52:22.416Z] [worker-pool] submitWork(triggerId=) {"metadata":{"emulator":{"name":"functions"},"message":"[worker-pool] submitWork(triggerId=)"}}
[debug] [2020-09-26T23:52:22.417Z] [worker-~diagnostic~-82e291bb-2e8c-41cd-8c9d-a9b493248599]: Assigning socketPath: /tmp/fire_emu_7053.sock {"metadata":{"emulator":{"name":"functions"},"message":"[worker-~diagnostic~-82e291bb-2e8c-41cd-8c9d-a9b493248599]: Assigning socketPath: /tmp/fire_emu_7053.sock"}}
[debug] [2020-09-26T23:52:22.417Z] [worker-~diagnostic~-82e291bb-2e8c-41cd-8c9d-a9b493248599]: BUSY {"metadata":{"emulator":{"name":"functions"},"message":"[worker-~diagnostic~-82e291bb-2e8c-41cd-8c9d-a9b493248599]: BUSY"}}
[debug] [2020-09-26T23:52:33.060Z] [runtime-status] [7039] Functions runtime initialized. {"cwd":"/home/eagyare91/amazon-clone/functions","node_version":"10.21.0"} {"metadata":{"emulator":{"name":"functions"},"message":"[runtime-status] [7039] Functions runtime initialized. {\"cwd\":\"/home/eagyare91/amazon-clone/functions\",\"node_version\":\"10.21.0\"}"}}
[debug] [2020-09-26T23:52:33.102Z] [runtime-status] [7039] Disabled runtime features: undefined {"metadata":{"emulator":{"name":"functions"},"message":"[runtime-status] [7039] Disabled runtime features: undefined"}}
[debug] [2020-09-26T23:52:33.147Z] [runtime-status] [7053] Functions runtime initialized. {"cwd":"/home/eagyare91/amazon-clone/functions","node_version":"10.21.0"} {"metadata":{"emulator":{"name":"functions"},"message":"[runtime-status] [7053] Functions runtime initialized. {\"cwd\":\"/home/eagyare91/amazon-clone/functions\",\"node_version\":\"10.21.0\"}"}}
[debug] [2020-09-26T23:52:33.164Z] [runtime-status] [7053] Disabled runtime features: undefined {"metadata":{"emulator":{"name":"functions"},"message":"[runtime-status] [7053] Disabled runtime features: undefined"}}
[debug] [2020-09-26T23:52:33.176Z] [runtime-status] [7039] Resolved module firebase-admin {"declared":true,"installed":true,"version":"8.13.0","resolution":"/home/eagyare91/amazon-clone/functions/node_modules/firebase-admin/lib/index.js"} {"metadata":{"emulator":{"name":"functions"},"message":"[runtime-status] [7039] Resolved module firebase-admin {\"declared\":true,\"installed\":true,\"version\":\"8.13.0\",\"resolution\":\"/home/eagyare91/amazon-clone/functions/node_modules/firebase-admin/lib/index.js\"}"}}
[debug] [2020-09-26T23:52:33.226Z] [runtime-status] [7039] Resolved module firebase-functions {"declared":true,"installed":true,"version":"3.11.0","resolution":"/home/eagyare91/amazon-clone/functions/node_modules/firebase-functions/lib/index.js"} {"metadata":{"emulator":{"name":"functions"},"message":"[runtime-status] [7039] Resolved module firebase-functions {\"declared\":true,\"installed\":true,\"version\":\"3.11.0\",\"resolution\":\"/home/eagyare91/amazon-clone/functions/node_modules/firebase-functions/lib/index.js\"}"}}
[debug] [2020-09-26T23:52:33.234Z] [runtime-status] [7039] Resolved module firebase-functions {"declared":true,"installed":true,"version":"3.11.0","resolution":"/home/eagyare91/amazon-clone/functions/node_modules/firebase-functions/lib/index.js"} {"metadata":{"emulator":{"name":"functions"},"message":"[runtime-status] [7039] Resolved module firebase-functions {\"declared\":true,\"installed\":true,\"version\":\"3.11.0\",\"resolution\":\"/home/eagyare91/amazon-clone/functions/node_modules/firebase-functions/lib/index.js\"}"}}
[debug] [2020-09-26T23:52:33.236Z] [runtime-status] [7053] Resolved module firebase-admin {"declared":true,"installed":true,"version":"8.13.0","resolution":"/home/eagyare91/amazon-clone/functions/node_modules/firebase-admin/lib/index.js"} {"metadata":{"emulator":{"name":"functions"},"message":"[runtime-status] [7053] Resolved module firebase-admin {\"declared\":true,\"installed\":true,\"version\":\"8.13.0\",\"resolution\":\"/home/eagyare91/amazon-clone/functions/node_modules/firebase-admin/lib/index.js\"}"}}
[debug] [2020-09-26T23:52:33.260Z] [runtime-status] [7053] Resolved module firebase-functions {"declared":true,"installed":true,"version":"3.11.0","resolution":"/home/eagyare91/amazon-clone/functions/node_modules/firebase-functions/lib/index.js"} {"metadata":{"emulator":{"name":"functions"},"message":"[runtime-status] [7053] Resolved module firebase-functions {\"declared\":true,\"installed\":true,\"version\":\"3.11.0\",\"resolution\":\"/home/eagyare91/amazon-clone/functions/node_modules/firebase-functions/lib/index.js\"}"}}
[debug] [2020-09-26T23:52:33.291Z] [runtime-status] [7053] Resolved module firebase-functions {"declared":true,"installed":true,"version":"3.11.0","resolution":"/home/eagyare91/amazon-clone/functions/node_modules/firebase-functions/lib/index.js"} {"metadata":{"emulator":{"name":"functions"},"message":"[runtime-status] [7053] Resolved module firebase-functions {\"declared\":true,\"installed\":true,\"version\":\"3.11.0\",\"resolution\":\"/home/eagyare91/amazon-clone/functions/node_modules/firebase-functions/lib/index.js\"}"}}
[debug] [2020-09-26T23:52:33.319Z] [runtime-status] [7053] Outgoing network have been stubbed. [{"name":"http","status":"mocked"},{"name":"http","status":"mocked"},{"name":"https","status":"mocked"},{"name":"https","status":"mocked"},{"name":"net","status":"mocked"}] {"metadata":{"emulator":{"name":"functions"},"message":"[runtime-status] [7053] Outgoing network have been stubbed. [{\"name\":\"http\",\"status\":\"mocked\"},{\"name\":\"http\",\"status\":\"mocked\"},{\"name\":\"https\",\"status\":\"mocked\"},{\"name\":\"https\",\"status\":\"mocked\"},{\"name\":\"net\",\"status\":\"mocked\"}]"}}
[debug] [2020-09-26T23:52:33.323Z] [runtime-status] [7053] Resolved module firebase-functions {"declared":true,"installed":true,"version":"3.11.0","resolution":"/home/eagyare91/amazon-clone/functions/node_modules/firebase-functions/lib/index.js"} {"metadata":{"emulator":{"name":"functions"},"message":"[runtime-status] [7053] Resolved module firebase-functions {\"declared\":true,\"installed\":true,\"version\":\"3.11.0\",\"resolution\":\"/home/eagyare91/amazon-clone/functions/node_modules/firebase-functions/lib/index.js\"}"}}
[debug] [2020-09-26T23:52:33.365Z] [runtime-status] [7039] Outgoing network have been stubbed. [{"name":"http","status":"mocked"},{"name":"http","status":"mocked"},{"name":"https","status":"mocked"},{"name":"https","status":"mocked"},{"name":"net","status":"mocked"}] {"metadata":{"emulator":{"name":"functions"},"message":"[runtime-status] [7039] Outgoing network have been stubbed. [{\"name\":\"http\",\"status\":\"mocked\"},{\"name\":\"http\",\"status\":\"mocked\"},{\"name\":\"https\",\"status\":\"mocked\"},{\"name\":\"https\",\"status\":\"mocked\"},{\"name\":\"net\",\"status\":\"mocked\"}]"}}
[debug] [2020-09-26T23:52:33.380Z] [runtime-status] [7039] Resolved module firebase-functions {"declared":true,"installed":true,"version":"3.11.0","resolution":"/home/eagyare91/amazon-clone/functions/node_modules/firebase-functions/lib/index.js"} {"metadata":{"emulator":{"name":"functions"},"message":"[runtime-status] [7039] Resolved module firebase-functions {\"declared\":true,\"installed\":true,\"version\":\"3.11.0\",\"resolution\":\"/home/eagyare91/amazon-clone/functions/node_modules/firebase-functions/lib/index.js\"}"}}
[debug] [2020-09-26T23:52:33.884Z] [runtime-status] [7053] Checked functions.config() {"config":{}} {"metadata":{"emulator":{"name":"functions"},"message":"[runtime-status] [7053] Checked functions.config() {\"config\":{}}"}}
[debug] [2020-09-26T23:52:33.897Z] [runtime-status] [7039] Checked functions.config() {"config":{}} {"metadata":{"emulator":{"name":"functions"},"message":"[runtime-status] [7039] Checked functions.config() {\"config\":{}}"}}
[debug] [2020-09-26T23:52:33.905Z] [runtime-status] [7039] firebase-functions has been stubbed. {"functionsResolution":{"declared":true,"installed":true,"version":"3.11.0","resolution":"/home/eagyare91/amazon-clone/functions/node_modules/firebase-functions/lib/index.js"}} {"metadata":{"emulator":{"name":"functions"},"message":"[runtime-status] [7039] firebase-functions has been stubbed. {\"functionsResolution\":{\"declared\":true,\"installed\":true,\"version\":\"3.11.0\",\"resolution\":\"/home/eagyare91/amazon-clone/functions/node_modules/firebase-functions/lib/index.js\"}}"}}
[debug] [2020-09-26T23:52:33.918Z] [runtime-status] [7039] Resolved module firebase-functions {"declared":true,"installed":true,"version":"3.11.0","resolution":"/home/eagyare91/amazon-clone/functions/node_modules/firebase-functions/lib/index.js"} {"metadata":{"emulator":{"name":"functions"},"message":"[runtime-status] [7039] Resolved module firebase-functions {\"declared\":true,\"installed\":true,\"version\":\"3.11.0\",\"resolution\":\"/home/eagyare91/amazon-clone/functions/node_modules/firebase-functions/lib/index.js\"}"}}
[debug] [2020-09-26T23:52:33.940Z] [runtime-status] [7053] firebase-functions has been stubbed. {"functionsResolution":{"declared":true,"installed":true,"version":"3.11.0","resolution":"/home/eagyare91/amazon-clone/functions/node_modules/firebase-functions/lib/index.js"}} {"metadata":{"emulator":{"name":"functions"},"message":"[runtime-status] [7053] firebase-functions has been stubbed. {\"functionsResolution\":{\"declared\":true,\"installed\":true,\"version\":\"3.11.0\",\"resolution\":\"/home/eagyare91/amazon-clone/functions/node_modules/firebase-functions/lib/index.js\"}}"}}
[debug] [2020-09-26T23:52:33.950Z] [runtime-status] [7053] Resolved module firebase-functions {"declared":true,"installed":true,"version":"3.11.0","resolution":"/home/eagyare91/amazon-clone/functions/node_modules/firebase-functions/lib/index.js"} {"metadata":{"emulator":{"name":"functions"},"message":"[runtime-status] [7053] Resolved module firebase-functions {\"declared\":true,\"installed\":true,\"version\":\"3.11.0\",\"resolution\":\"/home/eagyare91/amazon-clone/functions/node_modules/firebase-functions/lib/index.js\"}"}}
[debug] [2020-09-26T23:52:33.967Z] [runtime-status] [7039] Resolved module firebase-admin {"declared":true,"installed":true,"version":"8.13.0","resolution":"/home/eagyare91/amazon-clone/functions/node_modules/firebase-admin/lib/index.js"} {"metadata":{"emulator":{"name":"functions"},"message":"[runtime-status] [7039] Resolved module firebase-admin {\"declared\":true,\"installed\":true,\"version\":\"8.13.0\",\"resolution\":\"/home/eagyare91/amazon-clone/functions/node_modules/firebase-admin/lib/index.js\"}"}}
[debug] [2020-09-26T23:52:33.970Z] [runtime-status] [7039] Resolved module firebase-functions {"declared":true,"installed":true,"version":"3.11.0","resolution":"/home/eagyare91/amazon-clone/functions/node_modules/firebase-functions/lib/index.js"} {"metadata":{"emulator":{"name":"functions"},"message":"[runtime-status] [7039] Resolved module firebase-functions {\"declared\":true,\"installed\":true,\"version\":\"3.11.0\",\"resolution\":\"/home/eagyare91/amazon-clone/functions/node_modules/firebase-functions/lib/index.js\"}"}}
[debug] [2020-09-26T23:52:33.974Z] [runtime-status] [7039] firebase-admin has been stubbed. {"adminResolution":{"declared":true,"installed":true,"version":"8.13.0","resolution":"/home/eagyare91/amazon-clone/functions/node_modules/firebase-admin/lib/index.js"}} {"metadata":{"emulator":{"name":"functions"},"message":"[runtime-status] [7039] firebase-admin has been stubbed. {\"adminResolution\":{\"declared\":true,\"installed\":true,\"version\":\"8.13.0\",\"resolution\":\"/home/eagyare91/amazon-clone/functions/node_modules/firebase-admin/lib/index.js\"}}"}}
[debug] [2020-09-26T23:52:33.978Z] [runtime-status] [7053] Resolved module firebase-admin {"declared":true,"installed":true,"version":"8.13.0","resolution":"/home/eagyare91/amazon-clone/functions/node_modules/firebase-admin/lib/index.js"} {"metadata":{"emulator":{"name":"functions"},"message":"[runtime-status] [7053] Resolved module firebase-admin {\"declared\":true,\"installed\":true,\"version\":\"8.13.0\",\"resolution\":\"/home/eagyare91/amazon-clone/functions/node_modules/firebase-admin/lib/index.js\"}"}}
[debug] [2020-09-26T23:52:33.982Z] [runtime-status] [7053] Resolved module firebase-functions {"declared":true,"installed":true,"version":"3.11.0","resolution":"/home/eagyare91/amazon-clone/functions/node_modules/firebase-functions/lib/index.js"} {"metadata":{"emulator":{"name":"functions"},"message":"[runtime-status] [7053] Resolved module firebase-functions {\"declared\":true,\"installed\":true,\"version\":\"3.11.0\",\"resolution\":\"/home/eagyare91/amazon-clone/functions/node_modules/firebase-functions/lib/index.js\"}"}}
[debug] [2020-09-26T23:52:33.985Z] [runtime-status] [7053] firebase-admin has been stubbed. {"adminResolution":{"declared":true,"installed":true,"version":"8.13.0","resolution":"/home/eagyare91/amazon-clone/functions/node_modules/firebase-admin/lib/index.js"}} {"metadata":{"emulator":{"name":"functions"},"message":"[runtime-status] [7053] firebase-admin has been stubbed. {\"adminResolution\":{\"declared\":true,\"installed\":true,\"version\":\"8.13.0\",\"resolution\":\"/home/eagyare91/amazon-clone/functions/node_modules/firebase-admin/lib/index.js\"}}"}}
[debug] [2020-09-26T23:52:35.632Z] [worker-~diagnostic~-cc28ea29-248a-4709-87f3-b4623f6acfb2]: IDLE --> FINISHING {"metadata":{"emulator":{"name":"functions"},"message":"[worker-~diagnostic~-cc28ea29-248a-4709-87f3-b4623f6acfb2]: IDLE --> FINISHING"}}
[debug] [2020-09-26T23:52:35.672Z] [worker-~diagnostic~-82e291bb-2e8c-41cd-8c9d-a9b493248599]: IDLE {"metadata":{"emulator":{"name":"functions"},"message":"[worker-~diagnostic~-82e291bb-2e8c-41cd-8c9d-a9b493248599]: IDLE"}}
[debug] [2020-09-26T23:52:35.681Z] [worker-~diagnostic~-cc28ea29-248a-4709-87f3-b4623f6acfb2]: exited {"metadata":{"emulator":{"name":"functions"},"message":"[worker-~diagnostic~-cc28ea29-248a-4709-87f3-b4623f6acfb2]: exited"}}
[debug] [2020-09-26T23:52:35.686Z] [worker-~diagnostic~-cc28ea29-248a-4709-87f3-b4623f6acfb2]: FINISHED {"metadata":{"emulator":{"name":"functions"},"message":"[worker-~diagnostic~-cc28ea29-248a-4709-87f3-b4623f6acfb2]: FINISHED"}}
