[debug] [2020-09-27T15:19:01.358Z] ----------------------------------------------------------------------
[debug] [2020-09-27T15:19:01.373Z] Command:       /usr/bin/node /usr/local/bin/firebase emulators:start
[debug] [2020-09-27T15:19:01.376Z] CLI Version:   8.11.0
[debug] [2020-09-27T15:19:01.377Z] Platform:      linux
[debug] [2020-09-27T15:19:01.377Z] Node Version:  v10.21.0
[debug] [2020-09-27T15:19:01.406Z] Time:          Sun Sep 27 2020 16:19:01 GMT+0100 (British Summer Time)
[debug] [2020-09-27T15:19:01.407Z] ----------------------------------------------------------------------
[debug] [2020-09-27T15:19:01.408Z] 
[debug] [2020-09-27T15:19:01.458Z] > command requires scopes: ["email","openid","https://www.googleapis.com/auth/cloudplatformprojects.readonly","https://www.googleapis.com/auth/firebase","https://www.googleapis.com/auth/cloud-platform"]
[debug] [2020-09-27T15:19:01.460Z] > authorizing via signed-in user
[info] i  emulators: Starting emulators: functions, hosting {"metadata":{"emulator":{"name":"hub"},"message":"Starting emulators: functions, hosting"}}
[debug] [2020-09-27T15:19:01.988Z] [hub] writing locator at /tmp/hub-clone-56b93.json
[warn] ⚠  functions: The following emulators are not running, calls to these services from the Functions emulator will affect production: auth, firestore, database, pubsub {"metadata":{"emulator":{"name":"functions"},"message":"The following emulators are not running, calls to these services from the Functions emulator will affect production: \u001b[1mauth, firestore, database, pubsub\u001b[22m"}}
[info] ✔  functions: Using node@10 from host. {"metadata":{"emulator":{"name":"functions"},"message":"Using node@10 from host."}}
[debug] [2020-09-27T15:19:02.360Z] defaultcredentials: writing to file /home/eagyare91/.config/firebase/eagyare91_gmail_com_application_default_credentials.json
[debug] [2020-09-27T15:19:02.504Z] Setting GAC to /home/eagyare91/.config/firebase/eagyare91_gmail_com_application_default_credentials.json {"metadata":{"emulator":{"name":"functions"},"message":"Setting GAC to /home/eagyare91/.config/firebase/eagyare91_gmail_com_application_default_credentials.json"}}
[debug] [2020-09-27T15:19:02.808Z] >>> HTTP REQUEST GET https://firebase.googleapis.com/v1beta1/projects/clone-56b93/webApps/-/config  
 
[debug] [2020-09-27T15:19:03.710Z] <<< HTTP RESPONSE 200 {"content-type":"application/json; charset=UTF-8","vary":"X-Origin, Referer, Origin,Accept-Encoding","date":"Sun, 27 Sep 2020 15:19:05 GMT","server":"ESF","cache-control":"private","x-xss-protection":"0","x-frame-options":"SAMEORIGIN","x-content-type-options":"nosniff","alt-svc":"h3-Q050=\":443\"; ma=2592000,h3-29=\":443\"; ma=2592000,h3-27=\":443\"; ma=2592000,h3-T051=\":443\"; ma=2592000,h3-T050=\":443\"; ma=2592000,h3-Q046=\":443\"; ma=2592000,h3-Q043=\":443\"; ma=2592000,quic=\":443\"; ma=2592000; v=\"46,43\"","accept-ranges":"none","transfer-encoding":"chunked"}
[info] i  hosting: Serving hosting files from: build {"metadata":{"emulator":{"name":"hosting"},"message":"Serving hosting files from: \u001b[1mbuild\u001b[22m"}}
[info] ✔  hosting: Local server: http://localhost:5000 {"metadata":{"emulator":{"name":"hosting"},"message":"Local server: \u001b[4m\u001b[1mhttp://localhost:5000\u001b[22m\u001b[24m"}}
[debug] [2020-09-27T15:19:04.062Z] Ignoring unsupported arg: auto_download {"metadata":{"emulator":{"name":"ui"},"message":"Ignoring unsupported arg: auto_download"}}
[debug] [2020-09-27T15:19:04.063Z] Ignoring unsupported arg: port {"metadata":{"emulator":{"name":"ui"},"message":"Ignoring unsupported arg: port"}}
[debug] [2020-09-27T15:19:04.064Z] Starting Emulator UI with command {"binary":"node","args":["/home/eagyare91/.cache/firebase/emulators/ui-v1.1.1/server.bundle.js"],"optionalArgs":[],"joinArgs":false} {"metadata":{"emulator":{"name":"ui"},"message":"Starting Emulator UI with command {\"binary\":\"node\",\"args\":[\"/home/eagyare91/.cache/firebase/emulators/ui-v1.1.1/server.bundle.js\"],\"optionalArgs\":[],\"joinArgs\":false}"}}
[info] i  ui: Emulator UI logging to ui-debug.log {"metadata":{"emulator":{"name":"ui"},"message":"Emulator UI logging to \u001b[1mui-debug.log\u001b[22m"}}
[debug] [2020-09-27T15:19:06.758Z] Web / API server started at http://localhost:4000
 {"metadata":{"emulator":{"name":"ui"},"message":"Web / API server started at http://localhost:4000\n"}}
[info] i  functions: Watching "/home/eagyare91/amazon-clone/functions" for Cloud Functions... {"metadata":{"emulator":{"name":"functions"},"message":"Watching \"/home/eagyare91/amazon-clone/functions\" for Cloud Functions..."}}
[debug] [2020-09-27T15:19:06.877Z] [worker-pool] addWorker(~diagnostic~) {"metadata":{"emulator":{"name":"functions"},"message":"[worker-pool] addWorker(~diagnostic~)"}}
[debug] [2020-09-27T15:19:06.879Z] [worker-pool] Adding worker with key ~diagnostic~, total=1 {"metadata":{"emulator":{"name":"functions"},"message":"[worker-pool] Adding worker with key ~diagnostic~, total=1"}}
[debug] [2020-09-27T15:19:06.900Z] [worker-pool] submitWork(triggerId=) {"metadata":{"emulator":{"name":"functions"},"message":"[worker-pool] submitWork(triggerId=)"}}
[debug] [2020-09-27T15:19:06.909Z] [worker-~diagnostic~-a90c7c9c-24a1-423f-9aa7-385ce065bd13]: Assigning socketPath: /tmp/fire_emu_1678.sock {"metadata":{"emulator":{"name":"functions"},"message":"[worker-~diagnostic~-a90c7c9c-24a1-423f-9aa7-385ce065bd13]: Assigning socketPath: /tmp/fire_emu_1678.sock"}}
[debug] [2020-09-27T15:19:06.911Z] [worker-~diagnostic~-a90c7c9c-24a1-423f-9aa7-385ce065bd13]: BUSY {"metadata":{"emulator":{"name":"functions"},"message":"[worker-~diagnostic~-a90c7c9c-24a1-423f-9aa7-385ce065bd13]: BUSY"}}
[debug] [2020-09-27T15:19:09.955Z] [runtime-status] [1678] Functions runtime initialized. {"cwd":"/home/eagyare91/amazon-clone/functions","node_version":"10.21.0"} {"metadata":{"emulator":{"name":"functions"},"message":"[runtime-status] [1678] Functions runtime initialized. {\"cwd\":\"/home/eagyare91/amazon-clone/functions\",\"node_version\":\"10.21.0\"}"}}
[debug] [2020-09-27T15:19:09.963Z] [runtime-status] [1678] Disabled runtime features: undefined {"metadata":{"emulator":{"name":"functions"},"message":"[runtime-status] [1678] Disabled runtime features: undefined"}}
[debug] [2020-09-27T15:19:09.991Z] [runtime-status] [1678] Resolved module firebase-admin {"declared":true,"installed":true,"version":"8.13.0","resolution":"/home/eagyare91/amazon-clone/functions/node_modules/firebase-admin/lib/index.js"} {"metadata":{"emulator":{"name":"functions"},"message":"[runtime-status] [1678] Resolved module firebase-admin {\"declared\":true,\"installed\":true,\"version\":\"8.13.0\",\"resolution\":\"/home/eagyare91/amazon-clone/functions/node_modules/firebase-admin/lib/index.js\"}"}}
[debug] [2020-09-27T15:19:10.000Z] [runtime-status] [1678] Resolved module firebase-functions {"declared":true,"installed":true,"version":"3.11.0","resolution":"/home/eagyare91/amazon-clone/functions/node_modules/firebase-functions/lib/index.js"} {"metadata":{"emulator":{"name":"functions"},"message":"[runtime-status] [1678] Resolved module firebase-functions {\"declared\":true,\"installed\":true,\"version\":\"3.11.0\",\"resolution\":\"/home/eagyare91/amazon-clone/functions/node_modules/firebase-functions/lib/index.js\"}"}}
[debug] [2020-09-27T15:19:10.007Z] [runtime-status] [1678] Resolved module firebase-functions {"declared":true,"installed":true,"version":"3.11.0","resolution":"/home/eagyare91/amazon-clone/functions/node_modules/firebase-functions/lib/index.js"} {"metadata":{"emulator":{"name":"functions"},"message":"[runtime-status] [1678] Resolved module firebase-functions {\"declared\":true,\"installed\":true,\"version\":\"3.11.0\",\"resolution\":\"/home/eagyare91/amazon-clone/functions/node_modules/firebase-functions/lib/index.js\"}"}}
[debug] [2020-09-27T15:19:10.034Z] [runtime-status] [1678] Outgoing network have been stubbed. [{"name":"http","status":"mocked"},{"name":"http","status":"mocked"},{"name":"https","status":"mocked"},{"name":"https","status":"mocked"},{"name":"net","status":"mocked"}] {"metadata":{"emulator":{"name":"functions"},"message":"[runtime-status] [1678] Outgoing network have been stubbed. [{\"name\":\"http\",\"status\":\"mocked\"},{\"name\":\"http\",\"status\":\"mocked\"},{\"name\":\"https\",\"status\":\"mocked\"},{\"name\":\"https\",\"status\":\"mocked\"},{\"name\":\"net\",\"status\":\"mocked\"}]"}}
[debug] [2020-09-27T15:19:10.039Z] [runtime-status] [1678] Resolved module firebase-functions {"declared":true,"installed":true,"version":"3.11.0","resolution":"/home/eagyare91/amazon-clone/functions/node_modules/firebase-functions/lib/index.js"} {"metadata":{"emulator":{"name":"functions"},"message":"[runtime-status] [1678] Resolved module firebase-functions {\"declared\":true,\"installed\":true,\"version\":\"3.11.0\",\"resolution\":\"/home/eagyare91/amazon-clone/functions/node_modules/firebase-functions/lib/index.js\"}"}}
[debug] [2020-09-27T15:19:10.364Z] [runtime-status] [1678] Checked functions.config() {"config":{}} {"metadata":{"emulator":{"name":"functions"},"message":"[runtime-status] [1678] Checked functions.config() {\"config\":{}}"}}
[debug] [2020-09-27T15:19:10.366Z] [runtime-status] [1678] firebase-functions has been stubbed. {"functionsResolution":{"declared":true,"installed":true,"version":"3.11.0","resolution":"/home/eagyare91/amazon-clone/functions/node_modules/firebase-functions/lib/index.js"}} {"metadata":{"emulator":{"name":"functions"},"message":"[runtime-status] [1678] firebase-functions has been stubbed. {\"functionsResolution\":{\"declared\":true,\"installed\":true,\"version\":\"3.11.0\",\"resolution\":\"/home/eagyare91/amazon-clone/functions/node_modules/firebase-functions/lib/index.js\"}}"}}
[debug] [2020-09-27T15:19:10.373Z] [runtime-status] [1678] Resolved module firebase-functions {"declared":true,"installed":true,"version":"3.11.0","resolution":"/home/eagyare91/amazon-clone/functions/node_modules/firebase-functions/lib/index.js"} {"metadata":{"emulator":{"name":"functions"},"message":"[runtime-status] [1678] Resolved module firebase-functions {\"declared\":true,\"installed\":true,\"version\":\"3.11.0\",\"resolution\":\"/home/eagyare91/amazon-clone/functions/node_modules/firebase-functions/lib/index.js\"}"}}
[debug] [2020-09-27T15:19:10.378Z] [runtime-status] [1678] Resolved module firebase-admin {"declared":true,"installed":true,"version":"8.13.0","resolution":"/home/eagyare91/amazon-clone/functions/node_modules/firebase-admin/lib/index.js"} {"metadata":{"emulator":{"name":"functions"},"message":"[runtime-status] [1678] Resolved module firebase-admin {\"declared\":true,\"installed\":true,\"version\":\"8.13.0\",\"resolution\":\"/home/eagyare91/amazon-clone/functions/node_modules/firebase-admin/lib/index.js\"}"}}
[debug] [2020-09-27T15:19:10.379Z] [runtime-status] [1678] Resolved module firebase-functions {"declared":true,"installed":true,"version":"3.11.0","resolution":"/home/eagyare91/amazon-clone/functions/node_modules/firebase-functions/lib/index.js"} {"metadata":{"emulator":{"name":"functions"},"message":"[runtime-status] [1678] Resolved module firebase-functions {\"declared\":true,\"installed\":true,\"version\":\"3.11.0\",\"resolution\":\"/home/eagyare91/amazon-clone/functions/node_modules/firebase-functions/lib/index.js\"}"}}
[debug] [2020-09-27T15:19:10.383Z] [runtime-status] [1678] firebase-admin has been stubbed. {"adminResolution":{"declared":true,"installed":true,"version":"8.13.0","resolution":"/home/eagyare91/amazon-clone/functions/node_modules/firebase-admin/lib/index.js"}} {"metadata":{"emulator":{"name":"functions"},"message":"[runtime-status] [1678] firebase-admin has been stubbed. {\"adminResolution\":{\"declared\":true,\"installed\":true,\"version\":\"8.13.0\",\"resolution\":\"/home/eagyare91/amazon-clone/functions/node_modules/firebase-admin/lib/index.js\"}}"}}
[info] ✔  functions[api]: http function initialized (http://localhost:5001/clone-56b93/us-central1/api). {"metadata":{"emulator":{"name":"functions"},"message":"\u001b[1mhttp\u001b[22m function initialized (http://localhost:5001/clone-56b93/us-central1/api)."}}
[info] 
┌───────────────────────────────────────────────────────────────────────┐
│ ✔  All emulators ready! View status and logs at http://localhost:4000 │
└───────────────────────────────────────────────────────────────────────┘

┌───────────┬────────────────┬─────────────────────────────────┐
│ Emulator  │ Host:Port      │ View in Emulator UI             │
├───────────┼────────────────┼─────────────────────────────────┤
│ Functions │ localhost:5001 │ http://localhost:4000/functions │
├───────────┼────────────────┼─────────────────────────────────┤
│ Hosting   │ localhost:5000 │ n/a                             │
└───────────┴────────────────┴─────────────────────────────────┘
  Other reserved ports: 4400, 4500

Issues? Report them at https://github.com/firebase/firebase-tools/issues and attach the *-debug.log files.
 
[debug] [2020-09-27T15:19:11.333Z] [worker-~diagnostic~-a90c7c9c-24a1-423f-9aa7-385ce065bd13]: IDLE {"metadata":{"emulator":{"name":"functions"},"message":"[worker-~diagnostic~-a90c7c9c-24a1-423f-9aa7-385ce065bd13]: IDLE"}}
[debug] [2020-09-27T15:26:12.019Z] File /home/eagyare91/amazon-clone/functions/index.js changed, reloading triggers {"metadata":{"emulator":{"name":"functions"},"message":"File /home/eagyare91/amazon-clone/functions/index.js changed, reloading triggers"}}
[debug] [2020-09-27T15:26:13.062Z] [worker-pool] Shutting down IDLE worker (~diagnostic~) {"metadata":{"emulator":{"name":"functions"},"message":"[worker-pool] Shutting down IDLE worker (~diagnostic~)"}}
[debug] [2020-09-27T15:26:13.067Z] [worker-~diagnostic~-a90c7c9c-24a1-423f-9aa7-385ce065bd13]: FINISHING {"metadata":{"emulator":{"name":"functions"},"message":"[worker-~diagnostic~-a90c7c9c-24a1-423f-9aa7-385ce065bd13]: FINISHING"}}
[debug] [2020-09-27T15:26:13.114Z] [worker-pool] addWorker(~diagnostic~) {"metadata":{"emulator":{"name":"functions"},"message":"[worker-pool] addWorker(~diagnostic~)"}}
[debug] [2020-09-27T15:26:13.115Z] [worker-pool] Adding worker with key ~diagnostic~, total=2 {"metadata":{"emulator":{"name":"functions"},"message":"[worker-pool] Adding worker with key ~diagnostic~, total=2"}}
[debug] [2020-09-27T15:26:13.115Z] [worker-pool] submitWork(triggerId=) {"metadata":{"emulator":{"name":"functions"},"message":"[worker-pool] submitWork(triggerId=)"}}
[debug] [2020-09-27T15:26:13.117Z] [worker-~diagnostic~-838a8447-304c-4f58-b163-dd8ad0d68623]: Assigning socketPath: /tmp/fire_emu_1741.sock {"metadata":{"emulator":{"name":"functions"},"message":"[worker-~diagnostic~-838a8447-304c-4f58-b163-dd8ad0d68623]: Assigning socketPath: /tmp/fire_emu_1741.sock"}}
[debug] [2020-09-27T15:26:13.118Z] [worker-~diagnostic~-838a8447-304c-4f58-b163-dd8ad0d68623]: BUSY {"metadata":{"emulator":{"name":"functions"},"message":"[worker-~diagnostic~-838a8447-304c-4f58-b163-dd8ad0d68623]: BUSY"}}
[debug] [2020-09-27T15:26:13.145Z] [worker-~diagnostic~-a90c7c9c-24a1-423f-9aa7-385ce065bd13]: exited {"metadata":{"emulator":{"name":"functions"},"message":"[worker-~diagnostic~-a90c7c9c-24a1-423f-9aa7-385ce065bd13]: exited"}}
[debug] [2020-09-27T15:26:13.146Z] [worker-~diagnostic~-a90c7c9c-24a1-423f-9aa7-385ce065bd13]: FINISHED {"metadata":{"emulator":{"name":"functions"},"message":"[worker-~diagnostic~-a90c7c9c-24a1-423f-9aa7-385ce065bd13]: FINISHED"}}
[debug] [2020-09-27T15:26:14.534Z] File /home/eagyare91/amazon-clone/functions/index.js changed, reloading triggers {"metadata":{"emulator":{"name":"functions"},"message":"File /home/eagyare91/amazon-clone/functions/index.js changed, reloading triggers"}}
[debug] [2020-09-27T15:26:15.538Z] [worker-pool] Marking BUSY worker to finish (~diagnostic~) {"metadata":{"emulator":{"name":"functions"},"message":"[worker-pool] Marking BUSY worker to finish (~diagnostic~)"}}
[debug] [2020-09-27T15:26:15.540Z] [worker-~diagnostic~-838a8447-304c-4f58-b163-dd8ad0d68623]: FINISHING {"metadata":{"emulator":{"name":"functions"},"message":"[worker-~diagnostic~-838a8447-304c-4f58-b163-dd8ad0d68623]: FINISHING"}}
[debug] [2020-09-27T15:26:15.541Z] [worker-pool] Cleaned up workers for ~diagnostic~: 2 --> 1 {"metadata":{"emulator":{"name":"functions"},"message":"[worker-pool] Cleaned up workers for ~diagnostic~: 2 --> 1"}}
[debug] [2020-09-27T15:26:15.624Z] [worker-pool] addWorker(~diagnostic~) {"metadata":{"emulator":{"name":"functions"},"message":"[worker-pool] addWorker(~diagnostic~)"}}
[debug] [2020-09-27T15:26:15.625Z] [worker-pool] Adding worker with key ~diagnostic~, total=2 {"metadata":{"emulator":{"name":"functions"},"message":"[worker-pool] Adding worker with key ~diagnostic~, total=2"}}
[debug] [2020-09-27T15:26:15.626Z] [worker-pool] submitWork(triggerId=) {"metadata":{"emulator":{"name":"functions"},"message":"[worker-pool] submitWork(triggerId=)"}}
[debug] [2020-09-27T15:26:15.627Z] [worker-~diagnostic~-696c41a9-e1f9-417b-b7ce-d7d8b414df6c]: Assigning socketPath: /tmp/fire_emu_1758.sock {"metadata":{"emulator":{"name":"functions"},"message":"[worker-~diagnostic~-696c41a9-e1f9-417b-b7ce-d7d8b414df6c]: Assigning socketPath: /tmp/fire_emu_1758.sock"}}
[debug] [2020-09-27T15:26:15.627Z] [worker-~diagnostic~-696c41a9-e1f9-417b-b7ce-d7d8b414df6c]: BUSY {"metadata":{"emulator":{"name":"functions"},"message":"[worker-~diagnostic~-696c41a9-e1f9-417b-b7ce-d7d8b414df6c]: BUSY"}}
[debug] [2020-09-27T15:26:16.902Z] File /home/eagyare91/amazon-clone/functions/index.js changed, reloading triggers {"metadata":{"emulator":{"name":"functions"},"message":"File /home/eagyare91/amazon-clone/functions/index.js changed, reloading triggers"}}
[debug] [2020-09-27T15:26:17.904Z] [worker-pool] Marking BUSY worker to finish (~diagnostic~) {"metadata":{"emulator":{"name":"functions"},"message":"[worker-pool] Marking BUSY worker to finish (~diagnostic~)"}}
[debug] [2020-09-27T15:26:17.906Z] [worker-~diagnostic~-696c41a9-e1f9-417b-b7ce-d7d8b414df6c]: FINISHING {"metadata":{"emulator":{"name":"functions"},"message":"[worker-~diagnostic~-696c41a9-e1f9-417b-b7ce-d7d8b414df6c]: FINISHING"}}
[debug] [2020-09-27T15:26:17.964Z] [worker-pool] addWorker(~diagnostic~) {"metadata":{"emulator":{"name":"functions"},"message":"[worker-pool] addWorker(~diagnostic~)"}}
[debug] [2020-09-27T15:26:17.974Z] [worker-pool] Adding worker with key ~diagnostic~, total=3 {"metadata":{"emulator":{"name":"functions"},"message":"[worker-pool] Adding worker with key ~diagnostic~, total=3"}}
[debug] [2020-09-27T15:26:17.983Z] [worker-pool] submitWork(triggerId=) {"metadata":{"emulator":{"name":"functions"},"message":"[worker-pool] submitWork(triggerId=)"}}
[debug] [2020-09-27T15:26:17.984Z] [worker-~diagnostic~-a2771cd3-5902-4d4d-a858-d002c8559b87]: Assigning socketPath: /tmp/fire_emu_1764.sock {"metadata":{"emulator":{"name":"functions"},"message":"[worker-~diagnostic~-a2771cd3-5902-4d4d-a858-d002c8559b87]: Assigning socketPath: /tmp/fire_emu_1764.sock"}}
[debug] [2020-09-27T15:26:17.985Z] [worker-~diagnostic~-a2771cd3-5902-4d4d-a858-d002c8559b87]: BUSY {"metadata":{"emulator":{"name":"functions"},"message":"[worker-~diagnostic~-a2771cd3-5902-4d4d-a858-d002c8559b87]: BUSY"}}
[debug] [2020-09-27T15:26:21.301Z] File /home/eagyare91/amazon-clone/functions/index.js changed, reloading triggers {"metadata":{"emulator":{"name":"functions"},"message":"File /home/eagyare91/amazon-clone/functions/index.js changed, reloading triggers"}}
[debug] [2020-09-27T15:26:21.356Z] File /home/eagyare91/amazon-clone/functions/index.js changed, reloading triggers {"metadata":{"emulator":{"name":"functions"},"message":"File /home/eagyare91/amazon-clone/functions/index.js changed, reloading triggers"}}
[debug] [2020-09-27T15:26:21.824Z] [runtime-status] [1741] Functions runtime initialized. {"cwd":"/home/eagyare91/amazon-clone/functions","node_version":"10.21.0"} {"metadata":{"emulator":{"name":"functions"},"message":"[runtime-status] [1741] Functions runtime initialized. {\"cwd\":\"/home/eagyare91/amazon-clone/functions\",\"node_version\":\"10.21.0\"}"}}
[debug] [2020-09-27T15:26:21.916Z] [runtime-status] [1741] Disabled runtime features: undefined {"metadata":{"emulator":{"name":"functions"},"message":"[runtime-status] [1741] Disabled runtime features: undefined"}}
[debug] [2020-09-27T15:26:22.044Z] [runtime-status] [1741] Resolved module firebase-admin {"declared":true,"installed":true,"version":"8.13.0","resolution":"/home/eagyare91/amazon-clone/functions/node_modules/firebase-admin/lib/index.js"} {"metadata":{"emulator":{"name":"functions"},"message":"[runtime-status] [1741] Resolved module firebase-admin {\"declared\":true,\"installed\":true,\"version\":\"8.13.0\",\"resolution\":\"/home/eagyare91/amazon-clone/functions/node_modules/firebase-admin/lib/index.js\"}"}}
[debug] [2020-09-27T15:26:22.077Z] [runtime-status] [1741] Resolved module firebase-functions {"declared":true,"installed":true,"version":"3.11.0","resolution":"/home/eagyare91/amazon-clone/functions/node_modules/firebase-functions/lib/index.js"} {"metadata":{"emulator":{"name":"functions"},"message":"[runtime-status] [1741] Resolved module firebase-functions {\"declared\":true,\"installed\":true,\"version\":\"3.11.0\",\"resolution\":\"/home/eagyare91/amazon-clone/functions/node_modules/firebase-functions/lib/index.js\"}"}}
[debug] [2020-09-27T15:26:22.110Z] [runtime-status] [1741] Resolved module firebase-functions {"declared":true,"installed":true,"version":"3.11.0","resolution":"/home/eagyare91/amazon-clone/functions/node_modules/firebase-functions/lib/index.js"} {"metadata":{"emulator":{"name":"functions"},"message":"[runtime-status] [1741] Resolved module firebase-functions {\"declared\":true,\"installed\":true,\"version\":\"3.11.0\",\"resolution\":\"/home/eagyare91/amazon-clone/functions/node_modules/firebase-functions/lib/index.js\"}"}}
[debug] [2020-09-27T15:26:22.253Z] [runtime-status] [1741] Outgoing network have been stubbed. [{"name":"http","status":"mocked"},{"name":"http","status":"mocked"},{"name":"https","status":"mocked"},{"name":"https","status":"mocked"},{"name":"net","status":"mocked"}] {"metadata":{"emulator":{"name":"functions"},"message":"[runtime-status] [1741] Outgoing network have been stubbed. [{\"name\":\"http\",\"status\":\"mocked\"},{\"name\":\"http\",\"status\":\"mocked\"},{\"name\":\"https\",\"status\":\"mocked\"},{\"name\":\"https\",\"status\":\"mocked\"},{\"name\":\"net\",\"status\":\"mocked\"}]"}}
[debug] [2020-09-27T15:26:22.270Z] [runtime-status] [1741] Resolved module firebase-functions {"declared":true,"installed":true,"version":"3.11.0","resolution":"/home/eagyare91/amazon-clone/functions/node_modules/firebase-functions/lib/index.js"} {"metadata":{"emulator":{"name":"functions"},"message":"[runtime-status] [1741] Resolved module firebase-functions {\"declared\":true,\"installed\":true,\"version\":\"3.11.0\",\"resolution\":\"/home/eagyare91/amazon-clone/functions/node_modules/firebase-functions/lib/index.js\"}"}}
[debug] [2020-09-27T15:26:22.369Z] [worker-pool] Marking BUSY worker to finish (~diagnostic~) {"metadata":{"emulator":{"name":"functions"},"message":"[worker-pool] Marking BUSY worker to finish (~diagnostic~)"}}
[debug] [2020-09-27T15:26:22.370Z] [worker-~diagnostic~-a2771cd3-5902-4d4d-a858-d002c8559b87]: FINISHING {"metadata":{"emulator":{"name":"functions"},"message":"[worker-~diagnostic~-a2771cd3-5902-4d4d-a858-d002c8559b87]: FINISHING"}}
[debug] [2020-09-27T15:26:22.451Z] [worker-pool] addWorker(~diagnostic~) {"metadata":{"emulator":{"name":"functions"},"message":"[worker-pool] addWorker(~diagnostic~)"}}
[debug] [2020-09-27T15:26:22.453Z] [worker-pool] Adding worker with key ~diagnostic~, total=4 {"metadata":{"emulator":{"name":"functions"},"message":"[worker-pool] Adding worker with key ~diagnostic~, total=4"}}
[debug] [2020-09-27T15:26:22.454Z] [worker-pool] submitWork(triggerId=) {"metadata":{"emulator":{"name":"functions"},"message":"[worker-pool] submitWork(triggerId=)"}}
[debug] [2020-09-27T15:26:22.455Z] [worker-~diagnostic~-d24fb5ec-94b1-4221-8f3e-e5b8d7f5b6e7]: Assigning socketPath: /tmp/fire_emu_1779.sock {"metadata":{"emulator":{"name":"functions"},"message":"[worker-~diagnostic~-d24fb5ec-94b1-4221-8f3e-e5b8d7f5b6e7]: Assigning socketPath: /tmp/fire_emu_1779.sock"}}
[debug] [2020-09-27T15:26:22.459Z] [worker-~diagnostic~-d24fb5ec-94b1-4221-8f3e-e5b8d7f5b6e7]: BUSY {"metadata":{"emulator":{"name":"functions"},"message":"[worker-~diagnostic~-d24fb5ec-94b1-4221-8f3e-e5b8d7f5b6e7]: BUSY"}}
[debug] [2020-09-27T15:26:23.300Z] [runtime-status] [1741] Checked functions.config() {"config":{}} {"metadata":{"emulator":{"name":"functions"},"message":"[runtime-status] [1741] Checked functions.config() {\"config\":{}}"}}
[debug] [2020-09-27T15:26:23.307Z] [runtime-status] [1741] firebase-functions has been stubbed. {"functionsResolution":{"declared":true,"installed":true,"version":"3.11.0","resolution":"/home/eagyare91/amazon-clone/functions/node_modules/firebase-functions/lib/index.js"}} {"metadata":{"emulator":{"name":"functions"},"message":"[runtime-status] [1741] firebase-functions has been stubbed. {\"functionsResolution\":{\"declared\":true,\"installed\":true,\"version\":\"3.11.0\",\"resolution\":\"/home/eagyare91/amazon-clone/functions/node_modules/firebase-functions/lib/index.js\"}}"}}
[debug] [2020-09-27T15:26:23.309Z] [runtime-status] [1741] Resolved module firebase-functions {"declared":true,"installed":true,"version":"3.11.0","resolution":"/home/eagyare91/amazon-clone/functions/node_modules/firebase-functions/lib/index.js"} {"metadata":{"emulator":{"name":"functions"},"message":"[runtime-status] [1741] Resolved module firebase-functions {\"declared\":true,\"installed\":true,\"version\":\"3.11.0\",\"resolution\":\"/home/eagyare91/amazon-clone/functions/node_modules/firebase-functions/lib/index.js\"}"}}
[debug] [2020-09-27T15:26:23.318Z] [runtime-status] [1741] Resolved module firebase-admin {"declared":true,"installed":true,"version":"8.13.0","resolution":"/home/eagyare91/amazon-clone/functions/node_modules/firebase-admin/lib/index.js"} {"metadata":{"emulator":{"name":"functions"},"message":"[runtime-status] [1741] Resolved module firebase-admin {\"declared\":true,\"installed\":true,\"version\":\"8.13.0\",\"resolution\":\"/home/eagyare91/amazon-clone/functions/node_modules/firebase-admin/lib/index.js\"}"}}
[debug] [2020-09-27T15:26:23.332Z] [runtime-status] [1741] Resolved module firebase-functions {"declared":true,"installed":true,"version":"3.11.0","resolution":"/home/eagyare91/amazon-clone/functions/node_modules/firebase-functions/lib/index.js"} {"metadata":{"emulator":{"name":"functions"},"message":"[runtime-status] [1741] Resolved module firebase-functions {\"declared\":true,\"installed\":true,\"version\":\"3.11.0\",\"resolution\":\"/home/eagyare91/amazon-clone/functions/node_modules/firebase-functions/lib/index.js\"}"}}
[debug] [2020-09-27T15:26:23.336Z] [runtime-status] [1741] firebase-admin has been stubbed. {"adminResolution":{"declared":true,"installed":true,"version":"8.13.0","resolution":"/home/eagyare91/amazon-clone/functions/node_modules/firebase-admin/lib/index.js"}} {"metadata":{"emulator":{"name":"functions"},"message":"[runtime-status] [1741] firebase-admin has been stubbed. {\"adminResolution\":{\"declared\":true,\"installed\":true,\"version\":\"8.13.0\",\"resolution\":\"/home/eagyare91/amazon-clone/functions/node_modules/firebase-admin/lib/index.js\"}}"}}
[warn] ⚠  /home/eagyare91/amazon-clone/functions/index.js:7
  "sk_test_51HVfe1JQibx0f1gvb8Sv1J0gtxRbzLos91J3ugiHDLCDdmPGFC3TdpCEIJw9PBmkIWWQQhC86UI3ri94e82aZwSq00GjB8XBBK
  ^^^^^^^^^^^^^^^^^^^^^^^^^^^^^^^^^^^^^^^^^^^^^^^^^^^^^^^^^^^^^^^^^^^^^^^^^^^^^^^^^^^^^^^^^^^^^^^^^^^^^^^^^^^^

SyntaxError: Invalid or unexpected token
    at Module._compile (internal/modules/cjs/loader.js:723:23)
    at Object.Module._extensions..js (internal/modules/cjs/loader.js:789:10)
    at Module.load (internal/modules/cjs/loader.js:653:32)
    at tryModuleLoad (internal/modules/cjs/loader.js:593:12)
    at Function.Module._load (internal/modules/cjs/loader.js:585:3)
    at Module.require (internal/modules/cjs/loader.js:692:17)
    at require (internal/modules/cjs/helpers.js:25:18)
    at /usr/local/lib/node_modules/firebase-tools/lib/emulator/functionsEmulatorRuntime.js:681:33
    at Generator.next (<anonymous>)
    at fulfilled (/usr/local/lib/node_modules/firebase-tools/lib/emulator/functionsEmulatorRuntime.js:5:58) {"metadata":{"emulator":{"name":"functions"},"message":"/home/eagyare91/amazon-clone/functions/index.js:7\n  \"sk_test_51HVfe1JQibx0f1gvb8Sv1J0gtxRbzLos91J3ugiHDLCDdmPGFC3TdpCEIJw9PBmkIWWQQhC86UI3ri94e82aZwSq00GjB8XBBK\n  ^^^^^^^^^^^^^^^^^^^^^^^^^^^^^^^^^^^^^^^^^^^^^^^^^^^^^^^^^^^^^^^^^^^^^^^^^^^^^^^^^^^^^^^^^^^^^^^^^^^^^^^^^^^^\n\nSyntaxError: Invalid or unexpected token\n    at Module._compile (internal/modules/cjs/loader.js:723:23)\n    at Object.Module._extensions..js (internal/modules/cjs/loader.js:789:10)\n    at Module.load (internal/modules/cjs/loader.js:653:32)\n    at tryModuleLoad (internal/modules/cjs/loader.js:593:12)\n    at Function.Module._load (internal/modules/cjs/loader.js:585:3)\n    at Module.require (internal/modules/cjs/loader.js:692:17)\n    at require (internal/modules/cjs/helpers.js:25:18)\n    at /usr/local/lib/node_modules/firebase-tools/lib/emulator/functionsEmulatorRuntime.js:681:33\n    at Generator.next (<anonymous>)\n    at fulfilled (/usr/local/lib/node_modules/firebase-tools/lib/emulator/functionsEmulatorRuntime.js:5:58)"}}
[warn] ⚠  We were unable to load your functions code. (see above) {"metadata":{"emulator":{"name":"functions"}}}
[debug] [2020-09-27T15:26:23.426Z] [worker-~diagnostic~-838a8447-304c-4f58-b163-dd8ad0d68623]: exited {"metadata":{"emulator":{"name":"functions"},"message":"[worker-~diagnostic~-838a8447-304c-4f58-b163-dd8ad0d68623]: exited"}}
[debug] [2020-09-27T15:26:23.427Z] [worker-~diagnostic~-838a8447-304c-4f58-b163-dd8ad0d68623]: FINISHED {"metadata":{"emulator":{"name":"functions"},"message":"[worker-~diagnostic~-838a8447-304c-4f58-b163-dd8ad0d68623]: FINISHED"}}
[debug] [2020-09-27T15:26:27.908Z] File /home/eagyare91/amazon-clone/functions/index.js changed, reloading triggers {"metadata":{"emulator":{"name":"functions"},"message":"File /home/eagyare91/amazon-clone/functions/index.js changed, reloading triggers"}}
[debug] [2020-09-27T15:26:28.000Z] File /home/eagyare91/amazon-clone/functions/index.js changed, reloading triggers {"metadata":{"emulator":{"name":"functions"},"message":"File /home/eagyare91/amazon-clone/functions/index.js changed, reloading triggers"}}
[debug] [2020-09-27T15:26:28.254Z] [runtime-status] [1758] Functions runtime initialized. {"cwd":"/home/eagyare91/amazon-clone/functions","node_version":"10.21.0"} {"metadata":{"emulator":{"name":"functions"},"message":"[runtime-status] [1758] Functions runtime initialized. {\"cwd\":\"/home/eagyare91/amazon-clone/functions\",\"node_version\":\"10.21.0\"}"}}
[debug] [2020-09-27T15:26:28.297Z] [runtime-status] [1758] Disabled runtime features: undefined {"metadata":{"emulator":{"name":"functions"},"message":"[runtime-status] [1758] Disabled runtime features: undefined"}}
[debug] [2020-09-27T15:26:28.359Z] [runtime-status] [1758] Resolved module firebase-admin {"declared":true,"installed":true,"version":"8.13.0","resolution":"/home/eagyare91/amazon-clone/functions/node_modules/firebase-admin/lib/index.js"} {"metadata":{"emulator":{"name":"functions"},"message":"[runtime-status] [1758] Resolved module firebase-admin {\"declared\":true,\"installed\":true,\"version\":\"8.13.0\",\"resolution\":\"/home/eagyare91/amazon-clone/functions/node_modules/firebase-admin/lib/index.js\"}"}}
[debug] [2020-09-27T15:26:28.388Z] [runtime-status] [1758] Resolved module firebase-functions {"declared":true,"installed":true,"version":"3.11.0","resolution":"/home/eagyare91/amazon-clone/functions/node_modules/firebase-functions/lib/index.js"} {"metadata":{"emulator":{"name":"functions"},"message":"[runtime-status] [1758] Resolved module firebase-functions {\"declared\":true,\"installed\":true,\"version\":\"3.11.0\",\"resolution\":\"/home/eagyare91/amazon-clone/functions/node_modules/firebase-functions/lib/index.js\"}"}}
[debug] [2020-09-27T15:26:28.420Z] [runtime-status] [1758] Resolved module firebase-functions {"declared":true,"installed":true,"version":"3.11.0","resolution":"/home/eagyare91/amazon-clone/functions/node_modules/firebase-functions/lib/index.js"} {"metadata":{"emulator":{"name":"functions"},"message":"[runtime-status] [1758] Resolved module firebase-functions {\"declared\":true,\"installed\":true,\"version\":\"3.11.0\",\"resolution\":\"/home/eagyare91/amazon-clone/functions/node_modules/firebase-functions/lib/index.js\"}"}}
[debug] [2020-09-27T15:26:28.544Z] [runtime-status] [1758] Outgoing network have been stubbed. [{"name":"http","status":"mocked"},{"name":"http","status":"mocked"},{"name":"https","status":"mocked"},{"name":"https","status":"mocked"},{"name":"net","status":"mocked"}] {"metadata":{"emulator":{"name":"functions"},"message":"[runtime-status] [1758] Outgoing network have been stubbed. [{\"name\":\"http\",\"status\":\"mocked\"},{\"name\":\"http\",\"status\":\"mocked\"},{\"name\":\"https\",\"status\":\"mocked\"},{\"name\":\"https\",\"status\":\"mocked\"},{\"name\":\"net\",\"status\":\"mocked\"}]"}}
[debug] [2020-09-27T15:26:28.558Z] [runtime-status] [1758] Resolved module firebase-functions {"declared":true,"installed":true,"version":"3.11.0","resolution":"/home/eagyare91/amazon-clone/functions/node_modules/firebase-functions/lib/index.js"} {"metadata":{"emulator":{"name":"functions"},"message":"[runtime-status] [1758] Resolved module firebase-functions {\"declared\":true,\"installed\":true,\"version\":\"3.11.0\",\"resolution\":\"/home/eagyare91/amazon-clone/functions/node_modules/firebase-functions/lib/index.js\"}"}}
[debug] [2020-09-27T15:26:29.010Z] [worker-pool] Marking BUSY worker to finish (~diagnostic~) {"metadata":{"emulator":{"name":"functions"},"message":"[worker-pool] Marking BUSY worker to finish (~diagnostic~)"}}
[debug] [2020-09-27T15:26:29.012Z] [worker-~diagnostic~-d24fb5ec-94b1-4221-8f3e-e5b8d7f5b6e7]: FINISHING {"metadata":{"emulator":{"name":"functions"},"message":"[worker-~diagnostic~-d24fb5ec-94b1-4221-8f3e-e5b8d7f5b6e7]: FINISHING"}}
[debug] [2020-09-27T15:26:29.031Z] [worker-pool] Cleaned up workers for ~diagnostic~: 4 --> 3 {"metadata":{"emulator":{"name":"functions"},"message":"[worker-pool] Cleaned up workers for ~diagnostic~: 4 --> 3"}}
[debug] [2020-09-27T15:26:29.117Z] [worker-pool] addWorker(~diagnostic~) {"metadata":{"emulator":{"name":"functions"},"message":"[worker-pool] addWorker(~diagnostic~)"}}
[debug] [2020-09-27T15:26:29.120Z] [worker-pool] Adding worker with key ~diagnostic~, total=4 {"metadata":{"emulator":{"name":"functions"},"message":"[worker-pool] Adding worker with key ~diagnostic~, total=4"}}
[debug] [2020-09-27T15:26:29.121Z] [worker-pool] submitWork(triggerId=) {"metadata":{"emulator":{"name":"functions"},"message":"[worker-pool] submitWork(triggerId=)"}}
[debug] [2020-09-27T15:26:29.121Z] [worker-~diagnostic~-b15da61a-adf4-4179-ac62-ded5966df3bb]: Assigning socketPath: /tmp/fire_emu_1795.sock {"metadata":{"emulator":{"name":"functions"},"message":"[worker-~diagnostic~-b15da61a-adf4-4179-ac62-ded5966df3bb]: Assigning socketPath: /tmp/fire_emu_1795.sock"}}
[debug] [2020-09-27T15:26:29.122Z] [worker-~diagnostic~-b15da61a-adf4-4179-ac62-ded5966df3bb]: BUSY {"metadata":{"emulator":{"name":"functions"},"message":"[worker-~diagnostic~-b15da61a-adf4-4179-ac62-ded5966df3bb]: BUSY"}}
[debug] [2020-09-27T15:26:29.484Z] [runtime-status] [1758] Checked functions.config() {"config":{}} {"metadata":{"emulator":{"name":"functions"},"message":"[runtime-status] [1758] Checked functions.config() {\"config\":{}}"}}
[debug] [2020-09-27T15:26:29.500Z] [runtime-status] [1758] firebase-functions has been stubbed. {"functionsResolution":{"declared":true,"installed":true,"version":"3.11.0","resolution":"/home/eagyare91/amazon-clone/functions/node_modules/firebase-functions/lib/index.js"}} {"metadata":{"emulator":{"name":"functions"},"message":"[runtime-status] [1758] firebase-functions has been stubbed. {\"functionsResolution\":{\"declared\":true,\"installed\":true,\"version\":\"3.11.0\",\"resolution\":\"/home/eagyare91/amazon-clone/functions/node_modules/firebase-functions/lib/index.js\"}}"}}
[debug] [2020-09-27T15:26:29.518Z] [runtime-status] [1758] Resolved module firebase-functions {"declared":true,"installed":true,"version":"3.11.0","resolution":"/home/eagyare91/amazon-clone/functions/node_modules/firebase-functions/lib/index.js"} {"metadata":{"emulator":{"name":"functions"},"message":"[runtime-status] [1758] Resolved module firebase-functions {\"declared\":true,\"installed\":true,\"version\":\"3.11.0\",\"resolution\":\"/home/eagyare91/amazon-clone/functions/node_modules/firebase-functions/lib/index.js\"}"}}
[debug] [2020-09-27T15:26:29.572Z] [runtime-status] [1758] Resolved module firebase-admin {"declared":true,"installed":true,"version":"8.13.0","resolution":"/home/eagyare91/amazon-clone/functions/node_modules/firebase-admin/lib/index.js"} {"metadata":{"emulator":{"name":"functions"},"message":"[runtime-status] [1758] Resolved module firebase-admin {\"declared\":true,\"installed\":true,\"version\":\"8.13.0\",\"resolution\":\"/home/eagyare91/amazon-clone/functions/node_modules/firebase-admin/lib/index.js\"}"}}
[debug] [2020-09-27T15:26:29.584Z] [runtime-status] [1758] Resolved module firebase-functions {"declared":true,"installed":true,"version":"3.11.0","resolution":"/home/eagyare91/amazon-clone/functions/node_modules/firebase-functions/lib/index.js"} {"metadata":{"emulator":{"name":"functions"},"message":"[runtime-status] [1758] Resolved module firebase-functions {\"declared\":true,\"installed\":true,\"version\":\"3.11.0\",\"resolution\":\"/home/eagyare91/amazon-clone/functions/node_modules/firebase-functions/lib/index.js\"}"}}
[debug] [2020-09-27T15:26:29.595Z] [runtime-status] [1758] firebase-admin has been stubbed. {"adminResolution":{"declared":true,"installed":true,"version":"8.13.0","resolution":"/home/eagyare91/amazon-clone/functions/node_modules/firebase-admin/lib/index.js"}} {"metadata":{"emulator":{"name":"functions"},"message":"[runtime-status] [1758] firebase-admin has been stubbed. {\"adminResolution\":{\"declared\":true,\"installed\":true,\"version\":\"8.13.0\",\"resolution\":\"/home/eagyare91/amazon-clone/functions/node_modules/firebase-admin/lib/index.js\"}}"}}
[debug] [2020-09-27T15:26:31.537Z] [runtime-status] [1764] Functions runtime initialized. {"cwd":"/home/eagyare91/amazon-clone/functions","node_version":"10.21.0"} {"metadata":{"emulator":{"name":"functions"},"message":"[runtime-status] [1764] Functions runtime initialized. {\"cwd\":\"/home/eagyare91/amazon-clone/functions\",\"node_version\":\"10.21.0\"}"}}
[debug] [2020-09-27T15:26:31.565Z] [runtime-status] [1764] Disabled runtime features: undefined {"metadata":{"emulator":{"name":"functions"},"message":"[runtime-status] [1764] Disabled runtime features: undefined"}}
[debug] [2020-09-27T15:26:31.606Z] [runtime-status] [1764] Resolved module firebase-admin {"declared":true,"installed":true,"version":"8.13.0","resolution":"/home/eagyare91/amazon-clone/functions/node_modules/firebase-admin/lib/index.js"} {"metadata":{"emulator":{"name":"functions"},"message":"[runtime-status] [1764] Resolved module firebase-admin {\"declared\":true,\"installed\":true,\"version\":\"8.13.0\",\"resolution\":\"/home/eagyare91/amazon-clone/functions/node_modules/firebase-admin/lib/index.js\"}"}}
[debug] [2020-09-27T15:26:31.618Z] [runtime-status] [1764] Resolved module firebase-functions {"declared":true,"installed":true,"version":"3.11.0","resolution":"/home/eagyare91/amazon-clone/functions/node_modules/firebase-functions/lib/index.js"} {"metadata":{"emulator":{"name":"functions"},"message":"[runtime-status] [1764] Resolved module firebase-functions {\"declared\":true,\"installed\":true,\"version\":\"3.11.0\",\"resolution\":\"/home/eagyare91/amazon-clone/functions/node_modules/firebase-functions/lib/index.js\"}"}}
[debug] [2020-09-27T15:26:31.637Z] [runtime-status] [1764] Resolved module firebase-functions {"declared":true,"installed":true,"version":"3.11.0","resolution":"/home/eagyare91/amazon-clone/functions/node_modules/firebase-functions/lib/index.js"} {"metadata":{"emulator":{"name":"functions"},"message":"[runtime-status] [1764] Resolved module firebase-functions {\"declared\":true,\"installed\":true,\"version\":\"3.11.0\",\"resolution\":\"/home/eagyare91/amazon-clone/functions/node_modules/firebase-functions/lib/index.js\"}"}}
[debug] [2020-09-27T15:26:31.725Z] [runtime-status] [1764] Outgoing network have been stubbed. [{"name":"http","status":"mocked"},{"name":"http","status":"mocked"},{"name":"https","status":"mocked"},{"name":"https","status":"mocked"},{"name":"net","status":"mocked"}] {"metadata":{"emulator":{"name":"functions"},"message":"[runtime-status] [1764] Outgoing network have been stubbed. [{\"name\":\"http\",\"status\":\"mocked\"},{\"name\":\"http\",\"status\":\"mocked\"},{\"name\":\"https\",\"status\":\"mocked\"},{\"name\":\"https\",\"status\":\"mocked\"},{\"name\":\"net\",\"status\":\"mocked\"}]"}}
[debug] [2020-09-27T15:26:31.749Z] [runtime-status] [1764] Resolved module firebase-functions {"declared":true,"installed":true,"version":"3.11.0","resolution":"/home/eagyare91/amazon-clone/functions/node_modules/firebase-functions/lib/index.js"} {"metadata":{"emulator":{"name":"functions"},"message":"[runtime-status] [1764] Resolved module firebase-functions {\"declared\":true,\"installed\":true,\"version\":\"3.11.0\",\"resolution\":\"/home/eagyare91/amazon-clone/functions/node_modules/firebase-functions/lib/index.js\"}"}}
[debug] [2020-09-27T15:26:32.688Z] [runtime-status] [1764] Checked functions.config() {"config":{}} {"metadata":{"emulator":{"name":"functions"},"message":"[runtime-status] [1764] Checked functions.config() {\"config\":{}}"}}
[debug] [2020-09-27T15:26:32.698Z] [runtime-status] [1764] firebase-functions has been stubbed. {"functionsResolution":{"declared":true,"installed":true,"version":"3.11.0","resolution":"/home/eagyare91/amazon-clone/functions/node_modules/firebase-functions/lib/index.js"}} {"metadata":{"emulator":{"name":"functions"},"message":"[runtime-status] [1764] firebase-functions has been stubbed. {\"functionsResolution\":{\"declared\":true,\"installed\":true,\"version\":\"3.11.0\",\"resolution\":\"/home/eagyare91/amazon-clone/functions/node_modules/firebase-functions/lib/index.js\"}}"}}
[debug] [2020-09-27T15:26:32.710Z] [runtime-status] [1764] Resolved module firebase-functions {"declared":true,"installed":true,"version":"3.11.0","resolution":"/home/eagyare91/amazon-clone/functions/node_modules/firebase-functions/lib/index.js"} {"metadata":{"emulator":{"name":"functions"},"message":"[runtime-status] [1764] Resolved module firebase-functions {\"declared\":true,\"installed\":true,\"version\":\"3.11.0\",\"resolution\":\"/home/eagyare91/amazon-clone/functions/node_modules/firebase-functions/lib/index.js\"}"}}
[debug] [2020-09-27T15:26:32.736Z] [runtime-status] [1764] Resolved module firebase-admin {"declared":true,"installed":true,"version":"8.13.0","resolution":"/home/eagyare91/amazon-clone/functions/node_modules/firebase-admin/lib/index.js"} {"metadata":{"emulator":{"name":"functions"},"message":"[runtime-status] [1764] Resolved module firebase-admin {\"declared\":true,\"installed\":true,\"version\":\"8.13.0\",\"resolution\":\"/home/eagyare91/amazon-clone/functions/node_modules/firebase-admin/lib/index.js\"}"}}
[debug] [2020-09-27T15:26:32.759Z] [runtime-status] [1764] Resolved module firebase-functions {"declared":true,"installed":true,"version":"3.11.0","resolution":"/home/eagyare91/amazon-clone/functions/node_modules/firebase-functions/lib/index.js"} {"metadata":{"emulator":{"name":"functions"},"message":"[runtime-status] [1764] Resolved module firebase-functions {\"declared\":true,\"installed\":true,\"version\":\"3.11.0\",\"resolution\":\"/home/eagyare91/amazon-clone/functions/node_modules/firebase-functions/lib/index.js\"}"}}
[debug] [2020-09-27T15:26:32.761Z] [worker-~diagnostic~-696c41a9-e1f9-417b-b7ce-d7d8b414df6c]: IDLE --> FINISHING {"metadata":{"emulator":{"name":"functions"},"message":"[worker-~diagnostic~-696c41a9-e1f9-417b-b7ce-d7d8b414df6c]: IDLE --> FINISHING"}}
[debug] [2020-09-27T15:26:32.770Z] [runtime-status] [1764] firebase-admin has been stubbed. {"adminResolution":{"declared":true,"installed":true,"version":"8.13.0","resolution":"/home/eagyare91/amazon-clone/functions/node_modules/firebase-admin/lib/index.js"}} {"metadata":{"emulator":{"name":"functions"},"message":"[runtime-status] [1764] firebase-admin has been stubbed. {\"adminResolution\":{\"declared\":true,\"installed\":true,\"version\":\"8.13.0\",\"resolution\":\"/home/eagyare91/amazon-clone/functions/node_modules/firebase-admin/lib/index.js\"}}"}}
[debug] [2020-09-27T15:26:32.791Z] [worker-~diagnostic~-696c41a9-e1f9-417b-b7ce-d7d8b414df6c]: exited {"metadata":{"emulator":{"name":"functions"},"message":"[worker-~diagnostic~-696c41a9-e1f9-417b-b7ce-d7d8b414df6c]: exited"}}
[debug] [2020-09-27T15:26:32.796Z] [worker-~diagnostic~-696c41a9-e1f9-417b-b7ce-d7d8b414df6c]: FINISHED {"metadata":{"emulator":{"name":"functions"},"message":"[worker-~diagnostic~-696c41a9-e1f9-417b-b7ce-d7d8b414df6c]: FINISHED"}}
[debug] [2020-09-27T15:26:35.068Z] [worker-~diagnostic~-a2771cd3-5902-4d4d-a858-d002c8559b87]: IDLE --> FINISHING {"metadata":{"emulator":{"name":"functions"},"message":"[worker-~diagnostic~-a2771cd3-5902-4d4d-a858-d002c8559b87]: IDLE --> FINISHING"}}
[debug] [2020-09-27T15:26:35.114Z] [worker-~diagnostic~-a2771cd3-5902-4d4d-a858-d002c8559b87]: exited {"metadata":{"emulator":{"name":"functions"},"message":"[worker-~diagnostic~-a2771cd3-5902-4d4d-a858-d002c8559b87]: exited"}}
[debug] [2020-09-27T15:26:35.117Z] [worker-~diagnostic~-a2771cd3-5902-4d4d-a858-d002c8559b87]: FINISHED {"metadata":{"emulator":{"name":"functions"},"message":"[worker-~diagnostic~-a2771cd3-5902-4d4d-a858-d002c8559b87]: FINISHED"}}
[debug] [2020-09-27T15:26:35.585Z] [runtime-status] [1779] Functions runtime initialized. {"cwd":"/home/eagyare91/amazon-clone/functions","node_version":"10.21.0"} {"metadata":{"emulator":{"name":"functions"},"message":"[runtime-status] [1779] Functions runtime initialized. {\"cwd\":\"/home/eagyare91/amazon-clone/functions\",\"node_version\":\"10.21.0\"}"}}
[debug] [2020-09-27T15:26:35.597Z] [runtime-status] [1779] Disabled runtime features: undefined {"metadata":{"emulator":{"name":"functions"},"message":"[runtime-status] [1779] Disabled runtime features: undefined"}}
[debug] [2020-09-27T15:26:35.612Z] [runtime-status] [1779] Resolved module firebase-admin {"declared":true,"installed":true,"version":"8.13.0","resolution":"/home/eagyare91/amazon-clone/functions/node_modules/firebase-admin/lib/index.js"} {"metadata":{"emulator":{"name":"functions"},"message":"[runtime-status] [1779] Resolved module firebase-admin {\"declared\":true,\"installed\":true,\"version\":\"8.13.0\",\"resolution\":\"/home/eagyare91/amazon-clone/functions/node_modules/firebase-admin/lib/index.js\"}"}}
[debug] [2020-09-27T15:26:35.620Z] [runtime-status] [1779] Resolved module firebase-functions {"declared":true,"installed":true,"version":"3.11.0","resolution":"/home/eagyare91/amazon-clone/functions/node_modules/firebase-functions/lib/index.js"} {"metadata":{"emulator":{"name":"functions"},"message":"[runtime-status] [1779] Resolved module firebase-functions {\"declared\":true,\"installed\":true,\"version\":\"3.11.0\",\"resolution\":\"/home/eagyare91/amazon-clone/functions/node_modules/firebase-functions/lib/index.js\"}"}}
[debug] [2020-09-27T15:26:35.626Z] [runtime-status] [1779] Resolved module firebase-functions {"declared":true,"installed":true,"version":"3.11.0","resolution":"/home/eagyare91/amazon-clone/functions/node_modules/firebase-functions/lib/index.js"} {"metadata":{"emulator":{"name":"functions"},"message":"[runtime-status] [1779] Resolved module firebase-functions {\"declared\":true,\"installed\":true,\"version\":\"3.11.0\",\"resolution\":\"/home/eagyare91/amazon-clone/functions/node_modules/firebase-functions/lib/index.js\"}"}}
[debug] [2020-09-27T15:26:35.703Z] [runtime-status] [1779] Outgoing network have been stubbed. [{"name":"http","status":"mocked"},{"name":"http","status":"mocked"},{"name":"https","status":"mocked"},{"name":"https","status":"mocked"},{"name":"net","status":"mocked"}] {"metadata":{"emulator":{"name":"functions"},"message":"[runtime-status] [1779] Outgoing network have been stubbed. [{\"name\":\"http\",\"status\":\"mocked\"},{\"name\":\"http\",\"status\":\"mocked\"},{\"name\":\"https\",\"status\":\"mocked\"},{\"name\":\"https\",\"status\":\"mocked\"},{\"name\":\"net\",\"status\":\"mocked\"}]"}}
[debug] [2020-09-27T15:26:35.713Z] [runtime-status] [1779] Resolved module firebase-functions {"declared":true,"installed":true,"version":"3.11.0","resolution":"/home/eagyare91/amazon-clone/functions/node_modules/firebase-functions/lib/index.js"} {"metadata":{"emulator":{"name":"functions"},"message":"[runtime-status] [1779] Resolved module firebase-functions {\"declared\":true,\"installed\":true,\"version\":\"3.11.0\",\"resolution\":\"/home/eagyare91/amazon-clone/functions/node_modules/firebase-functions/lib/index.js\"}"}}
[debug] [2020-09-27T15:26:36.053Z] [runtime-status] [1779] Checked functions.config() {"config":{}} {"metadata":{"emulator":{"name":"functions"},"message":"[runtime-status] [1779] Checked functions.config() {\"config\":{}}"}}
[debug] [2020-09-27T15:26:36.055Z] [runtime-status] [1779] firebase-functions has been stubbed. {"functionsResolution":{"declared":true,"installed":true,"version":"3.11.0","resolution":"/home/eagyare91/amazon-clone/functions/node_modules/firebase-functions/lib/index.js"}} {"metadata":{"emulator":{"name":"functions"},"message":"[runtime-status] [1779] firebase-functions has been stubbed. {\"functionsResolution\":{\"declared\":true,\"installed\":true,\"version\":\"3.11.0\",\"resolution\":\"/home/eagyare91/amazon-clone/functions/node_modules/firebase-functions/lib/index.js\"}}"}}
[debug] [2020-09-27T15:26:36.059Z] [runtime-status] [1779] Resolved module firebase-functions {"declared":true,"installed":true,"version":"3.11.0","resolution":"/home/eagyare91/amazon-clone/functions/node_modules/firebase-functions/lib/index.js"} {"metadata":{"emulator":{"name":"functions"},"message":"[runtime-status] [1779] Resolved module firebase-functions {\"declared\":true,\"installed\":true,\"version\":\"3.11.0\",\"resolution\":\"/home/eagyare91/amazon-clone/functions/node_modules/firebase-functions/lib/index.js\"}"}}
[debug] [2020-09-27T15:26:36.066Z] [runtime-status] [1779] Resolved module firebase-admin {"declared":true,"installed":true,"version":"8.13.0","resolution":"/home/eagyare91/amazon-clone/functions/node_modules/firebase-admin/lib/index.js"} {"metadata":{"emulator":{"name":"functions"},"message":"[runtime-status] [1779] Resolved module firebase-admin {\"declared\":true,\"installed\":true,\"version\":\"8.13.0\",\"resolution\":\"/home/eagyare91/amazon-clone/functions/node_modules/firebase-admin/lib/index.js\"}"}}
[debug] [2020-09-27T15:26:36.068Z] [runtime-status] [1779] Resolved module firebase-functions {"declared":true,"installed":true,"version":"3.11.0","resolution":"/home/eagyare91/amazon-clone/functions/node_modules/firebase-functions/lib/index.js"} {"metadata":{"emulator":{"name":"functions"},"message":"[runtime-status] [1779] Resolved module firebase-functions {\"declared\":true,\"installed\":true,\"version\":\"3.11.0\",\"resolution\":\"/home/eagyare91/amazon-clone/functions/node_modules/firebase-functions/lib/index.js\"}"}}
[debug] [2020-09-27T15:26:36.074Z] [runtime-status] [1779] firebase-admin has been stubbed. {"adminResolution":{"declared":true,"installed":true,"version":"8.13.0","resolution":"/home/eagyare91/amazon-clone/functions/node_modules/firebase-admin/lib/index.js"}} {"metadata":{"emulator":{"name":"functions"},"message":"[runtime-status] [1779] firebase-admin has been stubbed. {\"adminResolution\":{\"declared\":true,\"installed\":true,\"version\":\"8.13.0\",\"resolution\":\"/home/eagyare91/amazon-clone/functions/node_modules/firebase-admin/lib/index.js\"}}"}}
[debug] [2020-09-27T15:26:37.150Z] [worker-~diagnostic~-d24fb5ec-94b1-4221-8f3e-e5b8d7f5b6e7]: IDLE --> FINISHING {"metadata":{"emulator":{"name":"functions"},"message":"[worker-~diagnostic~-d24fb5ec-94b1-4221-8f3e-e5b8d7f5b6e7]: IDLE --> FINISHING"}}
[debug] [2020-09-27T15:26:37.160Z] [worker-~diagnostic~-d24fb5ec-94b1-4221-8f3e-e5b8d7f5b6e7]: exited {"metadata":{"emulator":{"name":"functions"},"message":"[worker-~diagnostic~-d24fb5ec-94b1-4221-8f3e-e5b8d7f5b6e7]: exited"}}
[debug] [2020-09-27T15:26:37.161Z] [worker-~diagnostic~-d24fb5ec-94b1-4221-8f3e-e5b8d7f5b6e7]: FINISHED {"metadata":{"emulator":{"name":"functions"},"message":"[worker-~diagnostic~-d24fb5ec-94b1-4221-8f3e-e5b8d7f5b6e7]: FINISHED"}}
[debug] [2020-09-27T15:26:37.864Z] [runtime-status] [1795] Functions runtime initialized. {"cwd":"/home/eagyare91/amazon-clone/functions","node_version":"10.21.0"} {"metadata":{"emulator":{"name":"functions"},"message":"[runtime-status] [1795] Functions runtime initialized. {\"cwd\":\"/home/eagyare91/amazon-clone/functions\",\"node_version\":\"10.21.0\"}"}}
[debug] [2020-09-27T15:26:37.881Z] [runtime-status] [1795] Disabled runtime features: undefined {"metadata":{"emulator":{"name":"functions"},"message":"[runtime-status] [1795] Disabled runtime features: undefined"}}
[debug] [2020-09-27T15:26:37.897Z] [runtime-status] [1795] Resolved module firebase-admin {"declared":true,"installed":true,"version":"8.13.0","resolution":"/home/eagyare91/amazon-clone/functions/node_modules/firebase-admin/lib/index.js"} {"metadata":{"emulator":{"name":"functions"},"message":"[runtime-status] [1795] Resolved module firebase-admin {\"declared\":true,\"installed\":true,\"version\":\"8.13.0\",\"resolution\":\"/home/eagyare91/amazon-clone/functions/node_modules/firebase-admin/lib/index.js\"}"}}
[debug] [2020-09-27T15:26:37.902Z] [runtime-status] [1795] Resolved module firebase-functions {"declared":true,"installed":true,"version":"3.11.0","resolution":"/home/eagyare91/amazon-clone/functions/node_modules/firebase-functions/lib/index.js"} {"metadata":{"emulator":{"name":"functions"},"message":"[runtime-status] [1795] Resolved module firebase-functions {\"declared\":true,\"installed\":true,\"version\":\"3.11.0\",\"resolution\":\"/home/eagyare91/amazon-clone/functions/node_modules/firebase-functions/lib/index.js\"}"}}
[debug] [2020-09-27T15:26:37.913Z] [runtime-status] [1795] Resolved module firebase-functions {"declared":true,"installed":true,"version":"3.11.0","resolution":"/home/eagyare91/amazon-clone/functions/node_modules/firebase-functions/lib/index.js"} {"metadata":{"emulator":{"name":"functions"},"message":"[runtime-status] [1795] Resolved module firebase-functions {\"declared\":true,\"installed\":true,\"version\":\"3.11.0\",\"resolution\":\"/home/eagyare91/amazon-clone/functions/node_modules/firebase-functions/lib/index.js\"}"}}
[debug] [2020-09-27T15:26:37.935Z] [runtime-status] [1795] Outgoing network have been stubbed. [{"name":"http","status":"mocked"},{"name":"http","status":"mocked"},{"name":"https","status":"mocked"},{"name":"https","status":"mocked"},{"name":"net","status":"mocked"}] {"metadata":{"emulator":{"name":"functions"},"message":"[runtime-status] [1795] Outgoing network have been stubbed. [{\"name\":\"http\",\"status\":\"mocked\"},{\"name\":\"http\",\"status\":\"mocked\"},{\"name\":\"https\",\"status\":\"mocked\"},{\"name\":\"https\",\"status\":\"mocked\"},{\"name\":\"net\",\"status\":\"mocked\"}]"}}
[debug] [2020-09-27T15:26:37.940Z] [runtime-status] [1795] Resolved module firebase-functions {"declared":true,"installed":true,"version":"3.11.0","resolution":"/home/eagyare91/amazon-clone/functions/node_modules/firebase-functions/lib/index.js"} {"metadata":{"emulator":{"name":"functions"},"message":"[runtime-status] [1795] Resolved module firebase-functions {\"declared\":true,\"installed\":true,\"version\":\"3.11.0\",\"resolution\":\"/home/eagyare91/amazon-clone/functions/node_modules/firebase-functions/lib/index.js\"}"}}
[debug] [2020-09-27T15:26:38.217Z] [runtime-status] [1795] Checked functions.config() {"config":{}} {"metadata":{"emulator":{"name":"functions"},"message":"[runtime-status] [1795] Checked functions.config() {\"config\":{}}"}}
[debug] [2020-09-27T15:26:38.226Z] [runtime-status] [1795] firebase-functions has been stubbed. {"functionsResolution":{"declared":true,"installed":true,"version":"3.11.0","resolution":"/home/eagyare91/amazon-clone/functions/node_modules/firebase-functions/lib/index.js"}} {"metadata":{"emulator":{"name":"functions"},"message":"[runtime-status] [1795] firebase-functions has been stubbed. {\"functionsResolution\":{\"declared\":true,\"installed\":true,\"version\":\"3.11.0\",\"resolution\":\"/home/eagyare91/amazon-clone/functions/node_modules/firebase-functions/lib/index.js\"}}"}}
[debug] [2020-09-27T15:26:38.226Z] [runtime-status] [1795] Resolved module firebase-functions {"declared":true,"installed":true,"version":"3.11.0","resolution":"/home/eagyare91/amazon-clone/functions/node_modules/firebase-functions/lib/index.js"} {"metadata":{"emulator":{"name":"functions"},"message":"[runtime-status] [1795] Resolved module firebase-functions {\"declared\":true,\"installed\":true,\"version\":\"3.11.0\",\"resolution\":\"/home/eagyare91/amazon-clone/functions/node_modules/firebase-functions/lib/index.js\"}"}}
[debug] [2020-09-27T15:26:38.227Z] [runtime-status] [1795] Resolved module firebase-admin {"declared":true,"installed":true,"version":"8.13.0","resolution":"/home/eagyare91/amazon-clone/functions/node_modules/firebase-admin/lib/index.js"} {"metadata":{"emulator":{"name":"functions"},"message":"[runtime-status] [1795] Resolved module firebase-admin {\"declared\":true,\"installed\":true,\"version\":\"8.13.0\",\"resolution\":\"/home/eagyare91/amazon-clone/functions/node_modules/firebase-admin/lib/index.js\"}"}}
[debug] [2020-09-27T15:26:38.245Z] [runtime-status] [1795] Resolved module firebase-functions {"declared":true,"installed":true,"version":"3.11.0","resolution":"/home/eagyare91/amazon-clone/functions/node_modules/firebase-functions/lib/index.js"} {"metadata":{"emulator":{"name":"functions"},"message":"[runtime-status] [1795] Resolved module firebase-functions {\"declared\":true,\"installed\":true,\"version\":\"3.11.0\",\"resolution\":\"/home/eagyare91/amazon-clone/functions/node_modules/firebase-functions/lib/index.js\"}"}}
[debug] [2020-09-27T15:26:38.246Z] [runtime-status] [1795] firebase-admin has been stubbed. {"adminResolution":{"declared":true,"installed":true,"version":"8.13.0","resolution":"/home/eagyare91/amazon-clone/functions/node_modules/firebase-admin/lib/index.js"}} {"metadata":{"emulator":{"name":"functions"},"message":"[runtime-status] [1795] firebase-admin has been stubbed. {\"adminResolution\":{\"declared\":true,\"installed\":true,\"version\":\"8.13.0\",\"resolution\":\"/home/eagyare91/amazon-clone/functions/node_modules/firebase-admin/lib/index.js\"}}"}}
[debug] [2020-09-27T15:26:38.775Z] [worker-~diagnostic~-b15da61a-adf4-4179-ac62-ded5966df3bb]: IDLE {"metadata":{"emulator":{"name":"functions"},"message":"[worker-~diagnostic~-b15da61a-adf4-4179-ac62-ded5966df3bb]: IDLE"}}
